<?xml version="1.0" encoding="UTF-8"?>
<!-- Generated by org.testng.reporters.JUnitXMLReporter -->
<testsuite ignored="5" hostname="DESKTOP-88KK6AE" failures="0" tests="14" name="UserRegressionTestCases" time="189.013" errors="0" timestamp="2024-06-24T16:09:44 PKT">
  <testcase classname="org.youCater.userRegressionTestCases.SignUpTestCases" name="DoSignUp" time="20.995"/>
  <testcase classname="org.youCater.userRegressionTestCases.SignUpTestCases" name="goToProfile" time="6.874"/>
  <testcase classname="org.youCater.userRegressionTestCases.DeleteUserTestCases" name="deleteUserAccount" time="10.608"/>
  <testcase classname="org.youCater.userRegressionTestCases.ForgotPasswordTestCases" name="ForgotPassword" time="17.526"/>
  <testcase classname="org.youCater.userRegressionTestCases.FiltersTestCases" name="loginFromHomePage" time="10.17"/>
  <testcase classname="org.youCater.userRegressionTestCases.FiltersTestCases" name="searchCaterer" time="9.12"/>
  <testcase classname="org.youCater.userRegressionTestCases.FiltersTestCases" name="selectCaterer" time="10.695"/>
  <testcase classname="org.youCater.userRegressionTestCases.FiltersTestCases" name="applyFilter" time="24.257"/>
  <testcase classname="org.youCater.userRegressionTestCases.FiltersTestCases" name="clearFilter" time="2.121"/>
  <testcase classname="org.youCater.userRegressionTestCases.ProfileTestCases" name="goToProfile" time="12.085"/>
  <testcase classname="org.youCater.userRegressionTestCases.ProfileTestCases" name="openPrivacyPolicy" time="16.819"/>
  <testcase classname="org.youCater.userRegressionTestCases.ProfileTestCases" name="openTermsAndCondition" time="16.754"/>
  <testcase classname="org.youCater.userRegressionTestCases.ProfileTestCases" name="logout" time="8.358"/>
  <testcase classname="org.youCater.userRegressionTestCases.PartnerRegistrationTestCases" name="partnerRegistration" time="22.533"/>
  <testcase classname="org.youCater.userConfigurationsAndElements.Configurations" name="@AfterSuite tearDown" time="0.0">
    <ignored/>
  </testcase> <!-- @AfterSuite tearDown -->
  <testcase classname="org.youCater.userConfigurationsAndElements.Configurations" name="@AfterSuite tearDown" time="0.0">
    <ignored/>
  </testcase> <!-- @AfterSuite tearDown -->
  <testcase classname="org.youCater.userConfigurationsAndElements.Configurations" name="@AfterSuite tearDown" time="0.0">
    <ignored/>
  </testcase> <!-- @AfterSuite tearDown -->
  <testcase classname="org.youCater.userConfigurationsAndElements.Configurations" name="@AfterSuite tearDown" time="0.0">
    <ignored/>
  </testcase> <!-- @AfterSuite tearDown -->
  <testcase classname="org.youCater.userConfigurationsAndElements.Configurations" name="@AfterSuite tearDown" time="0.0">
    <ignored/>
  </testcase> <!-- @AfterSuite tearDown -->
</testsuite> <!-- UserRegressionTestCases -->
