<?xml version="1.0" encoding="UTF-8"?>
<!-- Generated by org.testng.reporters.JUnitXMLReporter -->
<testsuite ignored="4" hostname="DESKTOP-QI6H2EA" failures="3" tests="21" name="UserRegressionTestCases" time="318.946" errors="0" timestamp="2024-01-16T12:00:01 PKT">
  <testcase classname="org.youCater.userRegressionTestCases.PartnerRegistrationTestCases" name="partnerRegistration" time="31.011">
    <failure type="org.openqa.selenium.TimeoutException" message="Expected condition failed: waiting for alert to be present (tried for 8 second(s) with 500 milliseconds interval)
Build info: version: &amp;apos;4.8.1&amp;apos;, revision: &amp;apos;8ebccac989&amp;apos;
System info: os.name: &amp;apos;Windows 10&amp;apos;, os.arch: &amp;apos;amd64&amp;apos;, os.version: &amp;apos;10.0&amp;apos;, java.version: &amp;apos;17.0.5&amp;apos;
Driver info: org.openqa.selenium.chrome.ChromeDriver
Capabilities {acceptInsecureCerts: false, browserName: chrome, browserVersion: 120.0.6099.217, chrome: {chromedriverVersion: 119.0.6045.105 (38c72552c5e..., userDataDir: C:\Users\Admin\AppData\Loca...}, fedcm:accounts: true, goog:chromeOptions: {debuggerAddress: localhost:63820}, networkConnectionEnabled: false, pageLoadStrategy: normal, platformName: WINDOWS, proxy: Proxy(), se:cdp: ws://localhost:63820/devtoo..., se:cdpVersion: 120.0.6099.217, setWindowRect: true, strictFileInteractability: false, timeouts: {implicit: 0, pageLoad: 300000, script: 30000}, unhandledPromptBehavior: dismiss and notify, webauthn:extension:credBlob: true, webauthn:extension:largeBlob: true, webauthn:extension:minPinLength: true, webauthn:extension:prf: true, webauthn:virtualAuthenticators: true}
Session ID: 5cd8ec24323c035e3a56e74cf0e51be6">
      <![CDATA[org.openqa.selenium.TimeoutException: Expected condition failed: waiting for alert to be present (tried for 8 second(s) with 500 milliseconds interval)
Build info: version: '4.8.1', revision: '8ebccac989'
System info: os.name: 'Windows 10', os.arch: 'amd64', os.version: '10.0', java.version: '17.0.5'
Driver info: org.openqa.selenium.chrome.ChromeDriver
Capabilities {acceptInsecureCerts: false, browserName: chrome, browserVersion: 120.0.6099.217, chrome: {chromedriverVersion: 119.0.6045.105 (38c72552c5e..., userDataDir: C:\Users\Admin\AppData\Loca...}, fedcm:accounts: true, goog:chromeOptions: {debuggerAddress: localhost:63820}, networkConnectionEnabled: false, pageLoadStrategy: normal, platformName: WINDOWS, proxy: Proxy(), se:cdp: ws://localhost:63820/devtoo..., se:cdpVersion: 120.0.6099.217, setWindowRect: true, strictFileInteractability: false, timeouts: {implicit: 0, pageLoad: 300000, script: 30000}, unhandledPromptBehavior: dismiss and notify, webauthn:extension:credBlob: true, webauthn:extension:largeBlob: true, webauthn:extension:minPinLength: true, webauthn:extension:prf: true, webauthn:virtualAuthenticators: true}
Session ID: 5cd8ec24323c035e3a56e74cf0e51be6
at org.openqa.selenium.support.ui.WebDriverWait.timeoutException(WebDriverWait.java:87)
at org.openqa.selenium.support.ui.FluentWait.until(FluentWait.java:231)
at org.youCater.userRegressionTestCases.PartnerRegistrationTestCases.partnerRegistration(PartnerRegistrationTestCases.java:50)
at java.base/java.util.ArrayList.forEach(ArrayList.java:1511)
... Removed 27 stack frames]]>
    </failure>
  </testcase> <!-- partnerRegistration -->
  <testcase classname="org.youCater.userRegressionTestCases.CreateEventFromDirectoryTestCases" name="loginFromHomePage" time="23.898"/>
  <testcase classname="org.youCater.userRegressionTestCases.CreateEventFromDirectoryTestCases" name="goToEventDirectory" time="8.124"/>
  <testcase classname="org.youCater.userRegressionTestCases.CreateEventFromDirectoryTestCases" name="eventTypeSelection" time="11.218"/>
  <testcase classname="org.youCater.userRegressionTestCases.CreateEventFromDirectoryTestCases" name="occasionTypeSelection" time="8.567"/>
  <testcase classname="org.youCater.userRegressionTestCases.CreateEventFromDirectoryTestCases" name="dateAndTimeSelection" time="17.47"/>
  <testcase classname="org.youCater.userRegressionTestCases.CreateEventFromDirectoryTestCases" name="guestSelection" time="9.851"/>
  <testcase classname="org.youCater.userRegressionTestCases.CreateEventFromDirectoryTestCases" name="providerSelection" time="6.421"/>
  <testcase classname="org.youCater.userRegressionTestCases.CreateEventFromDirectoryTestCases" name="cuisineTypeSelection" time="10.633"/>
  <testcase classname="org.youCater.userRegressionTestCases.CreateEventFromDirectoryTestCases" name="eventVenueSelection" time="18.197"/>
  <testcase classname="org.youCater.userRegressionTestCases.CreateEventFromDirectoryTestCases" name="addEventName" time="8.647"/>
  <testcase classname="org.youCater.userRegressionTestCases.CreateEventFromDirectoryTestCases" name="budgetSelection" time="16.415"/>
  <testcase classname="org.youCater.userRegressionTestCases.CreateEventFromDirectoryTestCases" name="eventSummary" time="85.997"/>
  <testcase classname="org.youCater.userRegressionTestCases.CreateEventFromDirectoryTestCases" name="goToHomePage" time="2.15"/>
  <testcase classname="org.youCater.userRegressionTestCases.FiltersTestCases" name="searchCaterer" time="7.109"/>
  <testcase classname="org.youCater.userRegressionTestCases.FiltersTestCases" name="selectCaterer" time="3.516">
    <failure type="org.openqa.selenium.ElementClickInterceptedException" message="element click intercepted: Element is not clickable at point (692, 1343)
  (Session info: chrome=120.0.6099.217)
Build info: version: &amp;apos;4.8.1&amp;apos;, revision: &amp;apos;8ebccac989&amp;apos;
System info: os.name: &amp;apos;Windows 10&amp;apos;, os.arch: &amp;apos;amd64&amp;apos;, os.version: &amp;apos;10.0&amp;apos;, java.version: &amp;apos;17.0.5&amp;apos;
Driver info: org.openqa.selenium.chrome.ChromeDriver
Command: [5cd8ec24323c035e3a56e74cf0e51be6, clickElement {id=A6D2CB5688283CF02928184C7DD1F8AA_element_601}]
Capabilities {acceptInsecureCerts: false, browserName: chrome, browserVersion: 120.0.6099.217, chrome: {chromedriverVersion: 119.0.6045.105 (38c72552c5e..., userDataDir: C:\Users\Admin\AppData\Loca...}, fedcm:accounts: true, goog:chromeOptions: {debuggerAddress: localhost:63820}, networkConnectionEnabled: false, pageLoadStrategy: normal, platformName: WINDOWS, proxy: Proxy(), se:cdp: ws://localhost:63820/devtoo..., se:cdpVersion: 120.0.6099.217, setWindowRect: true, strictFileInteractability: false, timeouts: {implicit: 0, pageLoad: 300000, script: 30000}, unhandledPromptBehavior: dismiss and notify, webauthn:extension:credBlob: true, webauthn:extension:largeBlob: true, webauthn:extension:minPinLength: true, webauthn:extension:prf: true, webauthn:virtualAuthenticators: true}
Element: [[[[ChromeDriver: chrome on WINDOWS (5cd8ec24323c035e3a56e74cf0e51be6)] -&amp;gt; xpath: //*[contains(@class,&amp;quot;vendorsListContainer&amp;quot;)]]] -&amp;gt; tag name: a]
Session ID: 5cd8ec24323c035e3a56e74cf0e51be6">
      <![CDATA[org.openqa.selenium.ElementClickInterceptedException: element click intercepted: Element is not clickable at point (692, 1343)
  (Session info: chrome=120.0.6099.217)
Build info: version: '4.8.1', revision: '8ebccac989'
System info: os.name: 'Windows 10', os.arch: 'amd64', os.version: '10.0', java.version: '17.0.5'
Driver info: org.openqa.selenium.chrome.ChromeDriver
Command: [5cd8ec24323c035e3a56e74cf0e51be6, clickElement {id=A6D2CB5688283CF02928184C7DD1F8AA_element_601}]
Capabilities {acceptInsecureCerts: false, browserName: chrome, browserVersion: 120.0.6099.217, chrome: {chromedriverVersion: 119.0.6045.105 (38c72552c5e..., userDataDir: C:\Users\Admin\AppData\Loca...}, fedcm:accounts: true, goog:chromeOptions: {debuggerAddress: localhost:63820}, networkConnectionEnabled: false, pageLoadStrategy: normal, platformName: WINDOWS, proxy: Proxy(), se:cdp: ws://localhost:63820/devtoo..., se:cdpVersion: 120.0.6099.217, setWindowRect: true, strictFileInteractability: false, timeouts: {implicit: 0, pageLoad: 300000, script: 30000}, unhandledPromptBehavior: dismiss and notify, webauthn:extension:credBlob: true, webauthn:extension:largeBlob: true, webauthn:extension:minPinLength: true, webauthn:extension:prf: true, webauthn:virtualAuthenticators: true}
Element: [[[[ChromeDriver: chrome on WINDOWS (5cd8ec24323c035e3a56e74cf0e51be6)] -> xpath: //*[contains(@class,"vendorsListContainer")]]] -> tag name: a]
Session ID: 5cd8ec24323c035e3a56e74cf0e51be6
at org.openqa.selenium.remote.codec.w3c.W3CHttpResponseCodec.createException(W3CHttpResponseCodec.java:200)
at org.openqa.selenium.remote.codec.w3c.W3CHttpResponseCodec.decode(W3CHttpResponseCodec.java:133)
at org.openqa.selenium.remote.codec.w3c.W3CHttpResponseCodec.decode(W3CHttpResponseCodec.java:53)
at org.openqa.selenium.remote.HttpCommandExecutor.execute(HttpCommandExecutor.java:184)
at org.openqa.selenium.remote.service.DriverCommandExecutor.invokeExecute(DriverCommandExecutor.java:167)
at org.openqa.selenium.remote.service.DriverCommandExecutor.execute(DriverCommandExecutor.java:142)
at org.openqa.selenium.remote.RemoteWebDriver.execute(RemoteWebDriver.java:543)
at org.openqa.selenium.remote.RemoteWebElement.execute(RemoteWebElement.java:257)
at org.openqa.selenium.remote.RemoteWebElement.click(RemoteWebElement.java:78)
at org.youCater.userSanityTestCases.SendBidRequestTestCases.selecCaterer(SendBidRequestTestCases.java:59)
at org.youCater.userRegressionTestCases.FiltersTestCases.selectCaterer(FiltersTestCases.java:36)
at java.base/java.util.ArrayList.forEach(ArrayList.java:1511)
... Removed 32 stack frames]]>
    </failure>
  </testcase> <!-- selectCaterer -->
  <testcase classname="org.youCater.userRegressionTestCases.FiltersTestCases" name="applyFilter" time="0.087">
    <failure type="org.openqa.selenium.interactions.MoveTargetOutOfBoundsException" message="move target out of bounds
  (Session info: chrome=120.0.6099.217)
Build info: version: &amp;apos;4.8.1&amp;apos;, revision: &amp;apos;8ebccac989&amp;apos;
System info: os.name: &amp;apos;Windows 10&amp;apos;, os.arch: &amp;apos;amd64&amp;apos;, os.version: &amp;apos;10.0&amp;apos;, java.version: &amp;apos;17.0.5&amp;apos;
Driver info: org.openqa.selenium.chrome.ChromeDriver
Command: [5cd8ec24323c035e3a56e74cf0e51be6, actions {actions=[org.openqa.selenium.interactions.Sequence@50b4364]}]
Capabilities {acceptInsecureCerts: false, browserName: chrome, browserVersion: 120.0.6099.217, chrome: {chromedriverVersion: 119.0.6045.105 (38c72552c5e..., userDataDir: C:\Users\Admin\AppData\Loca...}, fedcm:accounts: true, goog:chromeOptions: {debuggerAddress: localhost:63820}, networkConnectionEnabled: false, pageLoadStrategy: normal, platformName: WINDOWS, proxy: Proxy(), se:cdp: ws://localhost:63820/devtoo..., se:cdpVersion: 120.0.6099.217, setWindowRect: true, strictFileInteractability: false, timeouts: {implicit: 0, pageLoad: 300000, script: 30000}, unhandledPromptBehavior: dismiss and notify, webauthn:extension:credBlob: true, webauthn:extension:largeBlob: true, webauthn:extension:minPinLength: true, webauthn:extension:prf: true, webauthn:virtualAuthenticators: true}
Session ID: 5cd8ec24323c035e3a56e74cf0e51be6">
      <![CDATA[org.openqa.selenium.interactions.MoveTargetOutOfBoundsException: move target out of bounds
  (Session info: chrome=120.0.6099.217)
Build info: version: '4.8.1', revision: '8ebccac989'
System info: os.name: 'Windows 10', os.arch: 'amd64', os.version: '10.0', java.version: '17.0.5'
Driver info: org.openqa.selenium.chrome.ChromeDriver
Command: [5cd8ec24323c035e3a56e74cf0e51be6, actions {actions=[org.openqa.selenium.interactions.Sequence@50b4364]}]
Capabilities {acceptInsecureCerts: false, browserName: chrome, browserVersion: 120.0.6099.217, chrome: {chromedriverVersion: 119.0.6045.105 (38c72552c5e..., userDataDir: C:\Users\Admin\AppData\Loca...}, fedcm:accounts: true, goog:chromeOptions: {debuggerAddress: localhost:63820}, networkConnectionEnabled: false, pageLoadStrategy: normal, platformName: WINDOWS, proxy: Proxy(), se:cdp: ws://localhost:63820/devtoo..., se:cdpVersion: 120.0.6099.217, setWindowRect: true, strictFileInteractability: false, timeouts: {implicit: 0, pageLoad: 300000, script: 30000}, unhandledPromptBehavior: dismiss and notify, webauthn:extension:credBlob: true, webauthn:extension:largeBlob: true, webauthn:extension:minPinLength: true, webauthn:extension:prf: true, webauthn:virtualAuthenticators: true}
Session ID: 5cd8ec24323c035e3a56e74cf0e51be6
at org.openqa.selenium.remote.codec.w3c.W3CHttpResponseCodec.createException(W3CHttpResponseCodec.java:200)
at org.openqa.selenium.remote.codec.w3c.W3CHttpResponseCodec.decode(W3CHttpResponseCodec.java:133)
at org.openqa.selenium.remote.codec.w3c.W3CHttpResponseCodec.decode(W3CHttpResponseCodec.java:53)
at org.openqa.selenium.remote.HttpCommandExecutor.execute(HttpCommandExecutor.java:184)
at org.openqa.selenium.remote.service.DriverCommandExecutor.invokeExecute(DriverCommandExecutor.java:167)
at org.openqa.selenium.remote.service.DriverCommandExecutor.execute(DriverCommandExecutor.java:142)
at org.openqa.selenium.remote.RemoteWebDriver.execute(RemoteWebDriver.java:543)
at org.openqa.selenium.remote.RemoteWebDriver.perform(RemoteWebDriver.java:611)
at org.openqa.selenium.interactions.Actions$BuiltAction.perform(Actions.java:567)
at org.openqa.selenium.interactions.Actions.perform(Actions.java:536)
at org.youCater.utils.AddEventCommonActions.selectOptionFromFilter(AddEventCommonActions.java:147)
at org.youCater.userRegressionTestCases.FiltersTestCases.applyFilter(FiltersTestCases.java:48)
at java.base/java.util.ArrayList.forEach(ArrayList.java:1511)
... Removed 32 stack frames]]>
    </failure>
  </testcase> <!-- applyFilter -->
  <testcase classname="org.youCater.userRegressionTestCases.ProfileTestCases" name="goToProfile" time="4.992"/>
  <testcase classname="org.youCater.userRegressionTestCases.ProfileTestCases" name="openPrivacyPolicy" time="16.721"/>
  <testcase classname="org.youCater.userRegressionTestCases.ProfileTestCases" name="openTermsAndCondition" time="16.77"/>
  <testcase classname="org.youCater.userRegressionTestCases.DeleteUserTestCases" name="deleteUserAccount" time="10.551"/>
  <testcase classname="org.youCater.userConfigurationsAndElements.Configurations" name="@AfterSuite tearDown" time="0.0">
    <ignored/>
  </testcase> <!-- @AfterSuite tearDown -->
  <testcase classname="org.youCater.userConfigurationsAndElements.Configurations" name="@AfterSuite tearDown" time="0.0">
    <ignored/>
  </testcase> <!-- @AfterSuite tearDown -->
  <testcase classname="org.youCater.userConfigurationsAndElements.Configurations" name="@AfterSuite tearDown" time="0.0">
    <ignored/>
  </testcase> <!-- @AfterSuite tearDown -->
  <testcase classname="org.youCater.userConfigurationsAndElements.Configurations" name="@AfterSuite tearDown" time="0.0">
    <ignored/>
  </testcase> <!-- @AfterSuite tearDown -->
</testsuite> <!-- UserRegressionTestCases -->
