<?xml version="1.0" encoding="UTF-8"?>
<!-- Generated by org.testng.reporters.JUnitXMLReporter -->
<testsuite ignored="0" hostname="DESKTOP-QI6H2EA" failures="0" tests="19" name="AddPrivateEventTestCases" time="279.979" errors="0" timestamp="2023-11-04T08:42:41 PKT">
  <testcase classname="org.youCater.userRegressionTestCases.AddPrivateEventTestCases" name="prvateEventTypeSelection" time="26.075"/>
  <testcase classname="org.youCater.userRegressionTestCases.AddPrivateEventTestCases" name="prvateOccasionTypeSelection" time="22.513"/>
  <testcase classname="org.youCater.userRegressionTestCases.AddPrivateEventTestCases" name="privateAddEventName" time="22.583"/>
  <testcase classname="org.youCater.userRegressionTestCases.AddPrivateEventTestCases" name="prvateDateAndTimeSelection" time="14.662"/>
  <testcase classname="org.youCater.userRegressionTestCases.AddPrivateEventTestCases" name="prvateGuestSelection" time="13.649"/>
  <testcase classname="org.youCater.userRegressionTestCases.AddPrivateEventTestCases" name="prvateBudgetSelection" time="13.684"/>
  <testcase classname="org.youCater.userRegressionTestCases.AddPrivateEventTestCases" name="prvateProviderSelection" time="12.518"/>
  <testcase classname="org.youCater.userRegressionTestCases.AddPrivateEventTestCases" name="prvateCuisineTypeSelection" time="14.437"/>
  <testcase classname="org.youCater.userRegressionTestCases.AddPrivateEventTestCases" name="prvateFoodTypeSelection" time="12.667"/>
  <testcase classname="org.youCater.userRegressionTestCases.AddPrivateEventTestCases" name="prvateServiceStyleSelection" time="12.451"/>
  <testcase classname="org.youCater.userRegressionTestCases.AddPrivateEventTestCases" name="prvateDietaryRequirementsSelection" time="11.476"/>
  <testcase classname="org.youCater.userRegressionTestCases.AddPrivateEventTestCases" name="prvateAdditionalServicesSelection" time="11.471"/>
  <testcase classname="org.youCater.userRegressionTestCases.AddPrivateEventTestCases" name="prvateEventVenueSelection" time="20.674"/>
  <testcase classname="org.youCater.userRegressionTestCases.AddPrivateEventTestCases" name="prvateEventSpecialRequest" time="13.521"/>
  <testcase classname="org.youCater.userRegressionTestCases.AddPrivateEventTestCases" name="prvateSignIn" time="7.454"/>
  <testcase classname="org.youCater.userRegressionTestCases.AddPrivateEventTestCases" name="prvateVerifyOTP" time="2.293"/>
  <testcase classname="org.youCater.userRegressionTestCases.AddPrivateEventTestCases" name="prvateSignUp" time="11.678"/>
  <testcase classname="org.youCater.userRegressionTestCases.AddPrivateEventTestCases" name="prvateEventSummary" time="13.426"/>
  <testcase classname="org.youCater.userRegressionTestCases.AddPrivateEventTestCases" name="privateGoToHomePage" time="5.124"/>
</testsuite> <!-- AddPrivateEventTestCases -->
