<?xml version="1.0" encoding="UTF-8"?>
<testsuite xmlns:xsi="http://www.w3.org/2001/XMLSchema-instance" xsi:noNamespaceSchemaLocation="https://maven.apache.org/surefire/maven-surefire-plugin/xsd/surefire-test-report-3.0.xsd" version="3.0" name="TestSuite" time="1,226.043" tests="84" errors="0" skipped="0" failures="0">
  <properties>
[...]
</properties>
  <testcase name="privateEventTypeSelection" classname="org.youCater.userSanityTestCases.AddPrivateEventTestCases" time="4.41">
    <system-err><![CDATA[SLF4J: Failed to load class "org.slf4j.impl.StaticLoggerBinder".
SLF4J: Defaulting to no-operation (NOP) logger implementation
SLF4J: See http://www.slf4j.org/codes.html#StaticLoggerBinder for further details.
Nov 30, 2023 4:51:36 PM org.openqa.selenium.devtools.CdpVersionFinder findNearestMatch
WARNING: Unable to find an exact match for CDP version 119, so returning the closest version found: 116
Nov 30, 2023 4:51:47 PM org.openqa.selenium.devtools.CdpVersionFinder findNearestMatch
WARNING: Unable to find an exact match for CDP version 119, so returning the closest version found: 116
]]></system-err>
  </testcase>
  <testcase name="prviateOccasionTypeSelection" classname="org.youCater.userSanityTestCases.AddPrivateEventTestCases" time="11.174"/>
  <testcase name="privateDateAndTimeSelection" classname="org.youCater.userSanityTestCases.AddPrivateEventTestCases" time="9.027"/>
  <testcase name="privateGuestSelection" classname="org.youCater.userSanityTestCases.AddPrivateEventTestCases" time="7.903"/>
  <testcase name="privateProviderSelection" classname="org.youCater.userSanityTestCases.AddPrivateEventTestCases" time="4.346"/>
  <testcase name="privateCuisineTypeSelection" classname="org.youCater.userSanityTestCases.AddPrivateEventTestCases" time="14.357"/>
  <testcase name="privateFoodTypeSelection" classname="org.youCater.userSanityTestCases.AddPrivateEventTestCases" time="13.121"/>
  <testcase name="privateEventVenueSelection" classname="org.youCater.userSanityTestCases.AddPrivateEventTestCases" time="25.643"/>
  <testcase name="privateAddEventName" classname="org.youCater.userSanityTestCases.AddPrivateEventTestCases" time="11.7"/>
  <testcase name="privateBudgetSelection" classname="org.youCater.userSanityTestCases.AddPrivateEventTestCases" time="22.131"/>
  <testcase name="privateSignIn" classname="org.youCater.userSanityTestCases.AddPrivateEventTestCases" time="9.813">
    <system-out><![CDATA[5058441084
]]></system-out>
  </testcase>
  <testcase name="privateVerifyOTP" classname="org.youCater.userSanityTestCases.AddPrivateEventTestCases" time="5.456"/>
  <testcase name="privateSignUp" classname="org.youCater.userSanityTestCases.AddPrivateEventTestCases" time="15.032"/>
  <testcase name="privateEventSummary" classname="org.youCater.userSanityTestCases.AddPrivateEventTestCases" time="15.666">
    <system-out><![CDATA[Private Event Created
id: de4207b6-49ad-439e-acdb-66c02232fbbb
order_number: 1701345346601
service_category: {"value":"PRIVATE"}
start_time: null
end_time: null
is_date_flexible: 1
guests_count: 77
budget: 1336
is_budget_flexible: 1
service_event_type: {"value":"KIDS_BIRTHDAY"}
other_service_event_type: {"value":""}
provider_type: {"value":"PRIVATE_CHEFS"}
other_provider_type: {"value":""}
service_setups: []
other_service_setups: {"value":""}
dietary_requirements: []
other_dietary_requirements: {"value":""}
type_of_cuisines: [{"value":"CHEESE"}]
type_of_foods: [{"value":"SEAFOOD"}]
other_kind_of_foods: {"value":"Custom"}
extended_services: []
other_extended_services: {"value":""}
city: 4
address: {"place_id":"ChIJ41ccgW2W_BIRYC3yBQsgmJI","latitude":"36.5499","longitude":"9.4422664","place_name":"Testour, Tunisia","addressLine2":"4059 Carling Avenue, 1st floor","additionalNotes":"Khobar North, P.O.Box: 30946"}
is_searching_venue: 1
additional_remarks: 
status: 1
created_at: 2023-11-30 11:55:46.606799
updated_at: 2023-11-30 11:55:46.606799
customer_id: 2790d311-eb7e-4849-8843-13e9682ef3b0
service_id: 3c7681b0-8977-4d98-9a69-4f4cb539dfed
name: Birthday Party
event_date: 2023-12-05
cancellation_reason: null
other_cancellation_reason: null
vendor_id: null
min_budget: 750
max_budget: 1336
]]></system-out>
  </testcase>
  <testcase name="privateGoToHomePage" classname="org.youCater.userSanityTestCases.AddPrivateEventTestCases" time="5.137"/>
  <testcase name="goToProfile" classname="org.youCater.userSanityTestCases.ProfileTestCases" time="5.736"/>
  <testcase name="editProfile" classname="org.youCater.userSanityTestCases.ProfileTestCases" time="9.041"/>
  <testcase name="logout" classname="org.youCater.userSanityTestCases.ProfileTestCases" time="6.292"/>
  <testcase name="signInAfterLogout" classname="org.youCater.userSanityTestCases.ProfileTestCases" time="11.932"/>
  <testcase name="corporateEventTypeSelection" classname="org.youCater.userSanityTestCases.AddCorporateEventTestCases" time="3.269"/>
  <testcase name="corporateEventTypeSelection" classname="org.youCater.userSanityTestCases.AddCorporateEventTestCases" time="3.34"/>
  <testcase name="corporateEventTypeSelection" classname="org.youCater.userSanityTestCases.AddCorporateEventTestCases" time="3.201"/>
  <testcase name="corporateOccasionTypeSelection" classname="org.youCater.userSanityTestCases.AddCorporateEventTestCases" time="13.155"/>
  <testcase name="corporateOccasionTypeSelection" classname="org.youCater.userSanityTestCases.AddCorporateEventTestCases" time="13.175"/>
  <testcase name="corporateOccasionTypeSelection" classname="org.youCater.userSanityTestCases.AddCorporateEventTestCases" time="13.255"/>
  <testcase name="corporateDateAndTimeSelection" classname="org.youCater.userSanityTestCases.AddCorporateEventTestCases" time="6.459"/>
  <testcase name="corporateDateAndTimeSelection" classname="org.youCater.userSanityTestCases.AddCorporateEventTestCases" time="6.822"/>
  <testcase name="corporateDateAndTimeSelection" classname="org.youCater.userSanityTestCases.AddCorporateEventTestCases" time="6.58"/>
  <testcase name="corporateGuestSelection" classname="org.youCater.userSanityTestCases.AddCorporateEventTestCases" time="4.883"/>
  <testcase name="corporateGuestSelection" classname="org.youCater.userSanityTestCases.AddCorporateEventTestCases" time="4.756"/>
  <testcase name="corporateGuestSelection" classname="org.youCater.userSanityTestCases.AddCorporateEventTestCases" time="4.879"/>
  <testcase name="corporateProviderSelection" classname="org.youCater.userSanityTestCases.AddCorporateEventTestCases" time="6.115"/>
  <testcase name="corporateProviderSelection" classname="org.youCater.userSanityTestCases.AddCorporateEventTestCases" time="6.152"/>
  <testcase name="corporateProviderSelection" classname="org.youCater.userSanityTestCases.AddCorporateEventTestCases" time="6.182"/>
  <testcase name="corporateCuisineTypeSelection" classname="org.youCater.userSanityTestCases.AddCorporateEventTestCases" time="10.19"/>
  <testcase name="corporateCuisineTypeSelection" classname="org.youCater.userSanityTestCases.AddCorporateEventTestCases" time="10.232"/>
  <testcase name="corporateCuisineTypeSelection" classname="org.youCater.userSanityTestCases.AddCorporateEventTestCases" time="10.23"/>
  <testcase name="corporateFoodTypeSelection" classname="org.youCater.userSanityTestCases.AddCorporateEventTestCases" time="12.804"/>
  <testcase name="corporateFoodTypeSelection" classname="org.youCater.userSanityTestCases.AddCorporateEventTestCases" time="13.027"/>
  <testcase name="corporateFoodTypeSelection" classname="org.youCater.userSanityTestCases.AddCorporateEventTestCases" time="12.829"/>
  <testcase name="corporateEventVenueSelection" classname="org.youCater.userSanityTestCases.AddCorporateEventTestCases" time="30.201"/>
  <testcase name="corporateEventVenueSelection" classname="org.youCater.userSanityTestCases.AddCorporateEventTestCases" time="30.392"/>
  <testcase name="corporateEventVenueSelection" classname="org.youCater.userSanityTestCases.AddCorporateEventTestCases" time="29.883"/>
  <testcase name="privateAddEventName" classname="org.youCater.userSanityTestCases.AddCorporateEventTestCases" time="11.359"/>
  <testcase name="privateAddEventName" classname="org.youCater.userSanityTestCases.AddCorporateEventTestCases" time="11.366"/>
  <testcase name="privateAddEventName" classname="org.youCater.userSanityTestCases.AddCorporateEventTestCases" time="11.415"/>
  <testcase name="corporateBudgetSelection" classname="org.youCater.userSanityTestCases.AddCorporateEventTestCases" time="16.269"/>
  <testcase name="corporateBudgetSelection" classname="org.youCater.userSanityTestCases.AddCorporateEventTestCases" time="16.365"/>
  <testcase name="corporateBudgetSelection" classname="org.youCater.userSanityTestCases.AddCorporateEventTestCases" time="16.222"/>
  <testcase name="corporateEventSummary" classname="org.youCater.userSanityTestCases.AddCorporateEventTestCases" time="15.978">
    <system-out><![CDATA[Corporate Event Created
id: a2e4fc8a-ed6d-44ea-aa70-dd52fb86d22c
order_number: 1701345516361
service_category: {"value":"CORPORATE"}
start_time: null
end_time: null
is_date_flexible: 1
guests_count: 41
budget: 1715
is_budget_flexible: 1
service_event_type: {"value":"BRAND_ACTIVATION"}
other_service_event_type: {"value":""}
provider_type: {"value":"FOOD_TRUCK"}
other_provider_type: {"value":""}
service_setups: []
other_service_setups: {"value":""}
dietary_requirements: []
other_dietary_requirements: {"value":""}
type_of_cuisines: [{"value":"FRENCH"}]
type_of_foods: [{"value":"FUSION"}]
other_kind_of_foods: {"value":"Custom"}
extended_services: []
other_extended_services: {"value":""}
city: 1
address: {"place_id":"ChIJE47T5i5gLxMRhiCxCUAFq4Q","latitude":"41.87595200000001","longitude":"12.475694","place_name":"Testaccio, Rome, Metropolitan City of Rome Capital, Italy","addressLine2":"4059 Carling Avenue, 1st floor","additionalNotes":"Khobar North, P.O.Box: 30946"}
is_searching_venue: 1
additional_remarks: 
status: 1
created_at: 2023-11-30 11:58:36.363054
updated_at: 2023-11-30 11:58:36.363054
customer_id: 2790d311-eb7e-4849-8843-13e9682ef3b0
service_id: 3c7681b0-8977-4d98-9a69-4f4cb539dfed
name: Dinner
event_date: 2023-12-23
cancellation_reason: null
other_cancellation_reason: null
vendor_id: null
min_budget: 520
max_budget: 1715
]]></system-out>
  </testcase>
  <testcase name="corporateEventSummary" classname="org.youCater.userSanityTestCases.AddCorporateEventTestCases" time="13.425">
    <system-out><![CDATA[Corporate Event Created
id: 4778e832-4569-4b6c-9e03-2073dca87246
order_number: 1701345951416
service_category: {"value":"CORPORATE"}
start_time: null
end_time: null
is_date_flexible: 1
guests_count: 276
budget: 1103
is_budget_flexible: 1
service_event_type: {"value":"BRAND_ACTIVATION"}
other_service_event_type: {"value":""}
provider_type: {"value":"FOOD_TRUCK"}
other_provider_type: {"value":""}
service_setups: []
other_service_setups: {"value":""}
dietary_requirements: []
other_dietary_requirements: {"value":""}
type_of_cuisines: [{"value":"FRENCH"}]
type_of_foods: [{"value":"FUSION"}]
other_kind_of_foods: {"value":"Custom"}
extended_services: []
other_extended_services: {"value":""}
city: 1
address: {"place_id":"ChIJE47T5i5gLxMRhiCxCUAFq4Q","latitude":"41.87595200000001","longitude":"12.475694","place_name":"Testaccio, Rome, Metropolitan City of Rome Capital, Italy","addressLine2":"4059 Carling Avenue, 1st floor","additionalNotes":"Khobar North, P.O.Box: 30946"}
is_searching_venue: 1
additional_remarks: 
status: 1
created_at: 2023-11-30 12:05:51.418614
updated_at: 2023-11-30 12:05:51.418614
customer_id: 2790d311-eb7e-4849-8843-13e9682ef3b0
service_id: 3c7681b0-8977-4d98-9a69-4f4cb539dfed
name: Birthday Party
event_date: 2023-12-22
cancellation_reason: null
other_cancellation_reason: null
vendor_id: null
min_budget: 801
max_budget: 1103
]]></system-out>
  </testcase>
  <testcase name="corporateEventSummary" classname="org.youCater.userSanityTestCases.AddCorporateEventTestCases" time="13.208">
    <system-out><![CDATA[Corporate Event Created
id: 51271527-29c4-494d-9457-2b35b9c94706
order_number: 1701346198832
service_category: {"value":"CORPORATE"}
start_time: null
end_time: null
is_date_flexible: 1
guests_count: 171
budget: 1307
is_budget_flexible: 1
service_event_type: {"value":"BRAND_ACTIVATION"}
other_service_event_type: {"value":""}
provider_type: {"value":"FOOD_TRUCK"}
other_provider_type: {"value":""}
service_setups: []
other_service_setups: {"value":""}
dietary_requirements: []
other_dietary_requirements: {"value":""}
type_of_cuisines: [{"value":"FRENCH"}]
type_of_foods: [{"value":"FUSION"}]
other_kind_of_foods: {"value":"Custom"}
extended_services: []
other_extended_services: {"value":""}
city: 1
address: {"place_id":"ChIJJedYjPy3RIYR6i3mJif1om8","latitude":"30.22262199999999","longitude":"-97.61881620000001","place_name":"Tesla Giga Texas, Tesla Road, Austin, TX","addressLine2":"4059 Carling Avenue, 1st floor","additionalNotes":"Khobar North, P.O.Box: 30946"}
is_searching_venue: 1
additional_remarks: 
status: 1
created_at: 2023-11-30 12:09:58.834464
updated_at: 2023-11-30 12:09:58.834464
customer_id: 2790d311-eb7e-4849-8843-13e9682ef3b0
service_id: 3c7681b0-8977-4d98-9a69-4f4cb539dfed
name: Afternoon Tea
event_date: 2023-12-08
cancellation_reason: null
other_cancellation_reason: null
vendor_id: null
min_budget: 743
max_budget: 1307
]]></system-out>
  </testcase>
  <testcase name="corporateGoToHomePage" classname="org.youCater.userSanityTestCases.AddCorporateEventTestCases" time="5.135"/>
  <testcase name="corporateGoToHomePage" classname="org.youCater.userSanityTestCases.AddCorporateEventTestCases" time="5.106"/>
  <testcase name="corporateGoToHomePage" classname="org.youCater.userSanityTestCases.AddCorporateEventTestCases" time="5.129"/>
  <testcase name="selectEventsOnHomePage" classname="org.youCater.userSanityTestCases.CancelEventTestCases" time="21.365"/>
  <testcase name="cancelEvent" classname="org.youCater.userSanityTestCases.CancelEventTestCases" time="22.677"/>
  <testcase name="findCaterers" classname="org.youCater.userSanityTestCases.SendBidRequestTestCases" time="14.304"/>
  <testcase name="findCaterers" classname="org.youCater.userSanityTestCases.SendBidRequestTestCases" time="14.289"/>
  <testcase name="selecCaterer" classname="org.youCater.userSanityTestCases.SendBidRequestTestCases" time="6.289"/>
  <testcase name="selecCaterer" classname="org.youCater.userSanityTestCases.SendBidRequestTestCases" time="6.295"/>
  <testcase name="partnerDetail" classname="org.youCater.userSanityTestCases.SendBidRequestTestCases" time="17.643"/>
  <testcase name="partnerDetail" classname="org.youCater.userSanityTestCases.SendBidRequestTestCases" time="17.445"/>
  <testcase name="sendRequest" classname="org.youCater.userSanityTestCases.SendBidRequestTestCases" time="16.702"/>
  <testcase name="sendRequest" classname="org.youCater.userSanityTestCases.SendBidRequestTestCases" time="16.665"/>
  <testcase name="login" classname="org.youCater.ventorSanitytestCases.VendorLoginTestCases" time="16.469">
    <system-out><![CDATA[Email sent successfully!
]]></system-out>
  </testcase>
  <testcase name="goToActiveEvents" classname="org.youCater.ventorSanitytestCases.RequestAcceptanceAndQuoteSubmissionTestCases" time="2.135"/>
  <testcase name="goToDirectEvents" classname="org.youCater.ventorSanitytestCases.RequestAcceptanceAndQuoteSubmissionTestCases" time="2.265"/>
  <testcase name="selectADirectEvent" classname="org.youCater.ventorSanitytestCases.RequestAcceptanceAndQuoteSubmissionTestCases" time="0.305"/>
  <testcase name="checkDetails" classname="org.youCater.ventorSanitytestCases.RequestAcceptanceAndQuoteSubmissionTestCases" time="8.152"/>
  <testcase name="acceptRequest" classname="org.youCater.ventorSanitytestCases.RequestAcceptanceAndQuoteSubmissionTestCases" time="6.191"/>
  <testcase name="goToChatMenu" classname="org.youCater.ventorSanitytestCases.RequestAcceptanceAndQuoteSubmissionTestCases" time="14.673"/>
  <testcase name="goToMyQuoteMenu" classname="org.youCater.ventorSanitytestCases.RequestAcceptanceAndQuoteSubmissionTestCases" time="3.254"/>
  <testcase name="submitQuote" classname="org.youCater.ventorSanitytestCases.RequestAcceptanceAndQuoteSubmissionTestCases" time="12.983"/>
  <testcase name="selectEventsOnHomePage" classname="org.youCater.userSanityTestCases.AcceptQuoteTestCases" time="11.076"/>
  <testcase name="viewPartnerProfile" classname="org.youCater.userSanityTestCases.AcceptQuoteTestCases" time="27.647"/>
  <testcase name="selectActiveQuote" classname="org.youCater.userSanityTestCases.AcceptQuoteTestCases" time="3.097"/>
  <testcase name="AcceptQuote" classname="org.youCater.userSanityTestCases.AcceptQuoteTestCases" time="29.569"/>
  <testcase name="makePayment" classname="org.youCater.userSanityTestCases.AcceptQuoteTestCases" time="57.379">
    <system-out><![CDATA[In payment
]]></system-out>
  </testcase>
  <testcase name="declineRequest" classname="org.youCater.ventorSanitytestCases.DeclineRequestTestCases" time="46.222"/>
  <testcase name="reOpenRequest" classname="org.youCater.ventorSanitytestCases.ReOpenDeclinedRequest" time="10.564">
    <system-out><![CDATA[Email sent successfully!
]]></system-out>
  </testcase>
  <testcase name="showInterest" classname="org.youCater.ventorSanitytestCases.ShowInterestInAnEvent" time="63.29"/>
  <testcase name="selectEvent" classname="org.youCater.userSanityTestCases.DeclineQuoteTestCases" time="12.969"/>
  <testcase name="declineQuote" classname="org.youCater.userSanityTestCases.DeclineQuoteTestCases" time="28.28"/>
</testsuite>