<?xml version="1.0" encoding="UTF-8"?>
<testng-results ignored="10" total="94" passed="84" failed="0" skipped="0">
  <reporter-output>
  </reporter-output>
  <suite started-at="2023-11-30T16:53:03 PKT" name="SanitySuite" finished-at="2023-11-30T17:11:51 PKT" duration-ms="1128761">
    <groups>
    </groups>
    <test started-at="2023-11-30T16:53:03 PKT" name="UserCanCreateCancelEventAndSendQuoteRequest" finished-at="2023-11-30T17:00:26 PKT" duration-ms="442949">
      <class name="org.youCater.userSanityTestCases.ProfileTestCases">
        <test-method signature="goToProfile()[pri:0, instance:org.youCater.userSanityTestCases.ProfileTestCases@7f7af971]" started-at="2023-11-30T16:55:58 PKT" name="goToProfile" description="Profile: Verify navigation to the user profile" finished-at="2023-11-30T16:56:03 PKT" duration-ms="5737" status="PASS">
          <reporter-output>
          </reporter-output>
        </test-method> <!-- goToProfile -->
        <test-method signature="editProfile()[pri:1, instance:org.youCater.userSanityTestCases.ProfileTestCases@7f7af971]" started-at="2023-11-30T16:56:03 PKT" name="editProfile" description="Profile: Verify edit profile funtionality" finished-at="2023-11-30T16:56:13 PKT" duration-ms="9043" status="PASS">
          <reporter-output>
          </reporter-output>
        </test-method> <!-- editProfile -->
        <test-method signature="logout()[pri:2, instance:org.youCater.userSanityTestCases.ProfileTestCases@7f7af971]" started-at="2023-11-30T16:56:13 PKT" name="logout" description="Profile: Verify logout funtionality" finished-at="2023-11-30T16:56:19 PKT" duration-ms="6291" status="PASS">
          <reporter-output>
          </reporter-output>
        </test-method> <!-- logout -->
        <test-method signature="signInAfterLogout()[pri:3, instance:org.youCater.userSanityTestCases.ProfileTestCases@7f7af971]" started-at="2023-11-30T16:56:19 PKT" name="signInAfterLogout" description="Profile: Verify sign-in after logout" finished-at="2023-11-30T16:56:31 PKT" duration-ms="11933" status="PASS">
          <reporter-output>
          </reporter-output>
        </test-method> <!-- signInAfterLogout -->
      </class> <!-- org.youCater.userSanityTestCases.ProfileTestCases -->
      <class name="org.youCater.userSanityTestCases.SendBidRequestTestCases">
        <test-method signature="findCaterers()[pri:0, instance:org.youCater.userSanityTestCases.SendBidRequestTestCases@633a2e99]" started-at="2023-11-30T16:59:31 PKT" name="findCaterers" description="SendBidRequest: Verify caterer search functionality" finished-at="2023-11-30T16:59:45 PKT" duration-ms="14304" status="PASS">
          <reporter-output>
          </reporter-output>
        </test-method> <!-- findCaterers -->
        <test-method signature="selecCaterer()[pri:1, instance:org.youCater.userSanityTestCases.SendBidRequestTestCases@633a2e99]" started-at="2023-11-30T16:59:45 PKT" name="selecCaterer" description="SendBidRequest: Verify caterer selection functionality" finished-at="2023-11-30T16:59:51 PKT" duration-ms="6289" status="PASS">
          <reporter-output>
          </reporter-output>
        </test-method> <!-- selecCaterer -->
        <test-method signature="partnerDetail()[pri:2, instance:org.youCater.userSanityTestCases.SendBidRequestTestCases@633a2e99]" started-at="2023-11-30T16:59:51 PKT" name="partnerDetail" description="SendBidRequest: Verify partner details (About, Menu, Media)" finished-at="2023-11-30T17:00:09 PKT" duration-ms="17643" status="PASS">
          <reporter-output>
          </reporter-output>
        </test-method> <!-- partnerDetail -->
        <test-method signature="sendRequest()[pri:3, instance:org.youCater.userSanityTestCases.SendBidRequestTestCases@633a2e99]" started-at="2023-11-30T17:00:09 PKT" name="sendRequest" description="SendBidRequest: Verify successful request submission" finished-at="2023-11-30T17:00:26 PKT" duration-ms="16702" status="PASS">
          <reporter-output>
          </reporter-output>
        </test-method> <!-- sendRequest -->
      </class> <!-- org.youCater.userSanityTestCases.SendBidRequestTestCases -->
      <class name="org.youCater.userSanityTestCases.AddCorporateEventTestCases">
        <test-method signature="corporateEventTypeSelection()[pri:0, instance:org.youCater.userSanityTestCases.AddCorporateEventTestCases@23382f76]" started-at="2023-11-30T16:56:31 PKT" name="corporateEventTypeSelection" description="CorporateEvent: Verify selection of event type funtionality" finished-at="2023-11-30T16:56:34 PKT" duration-ms="3266" status="PASS">
          <reporter-output>
          </reporter-output>
        </test-method> <!-- corporateEventTypeSelection -->
        <test-method signature="corporateOccasionTypeSelection()[pri:1, instance:org.youCater.userSanityTestCases.AddCorporateEventTestCases@23382f76]" started-at="2023-11-30T16:56:34 PKT" name="corporateOccasionTypeSelection" description="CorporateEvent: Verify selection of occasion type functionality" finished-at="2023-11-30T16:56:47 PKT" duration-ms="13157" status="PASS">
          <reporter-output>
          </reporter-output>
        </test-method> <!-- corporateOccasionTypeSelection -->
        <test-method signature="corporateDateAndTimeSelection()[pri:2, instance:org.youCater.userSanityTestCases.AddCorporateEventTestCases@23382f76]" started-at="2023-11-30T16:56:47 PKT" name="corporateDateAndTimeSelection" description="CorporateEvent: Verify date and time selection functionality" finished-at="2023-11-30T16:56:54 PKT" duration-ms="6459" status="PASS">
          <reporter-output>
          </reporter-output>
        </test-method> <!-- corporateDateAndTimeSelection -->
        <test-method signature="corporateGuestSelection()[pri:3, instance:org.youCater.userSanityTestCases.AddCorporateEventTestCases@23382f76]" started-at="2023-11-30T16:56:54 PKT" name="corporateGuestSelection" description="CorporateEvent: Verify guest number entry functionality" finished-at="2023-11-30T16:56:59 PKT" duration-ms="4883" status="PASS">
          <reporter-output>
          </reporter-output>
        </test-method> <!-- corporateGuestSelection -->
        <test-method signature="corporateProviderSelection()[pri:4, instance:org.youCater.userSanityTestCases.AddCorporateEventTestCases@23382f76]" started-at="2023-11-30T16:56:59 PKT" name="corporateProviderSelection" description="CorporateEvent: Verify provider selection functionality" finished-at="2023-11-30T16:57:05 PKT" duration-ms="6115" status="PASS">
          <reporter-output>
          </reporter-output>
        </test-method> <!-- corporateProviderSelection -->
        <test-method signature="corporateCuisineTypeSelection()[pri:5, instance:org.youCater.userSanityTestCases.AddCorporateEventTestCases@23382f76]" started-at="2023-11-30T16:57:05 PKT" name="corporateCuisineTypeSelection" description="CorporateEvent: Verify cuisine type selection functionality" finished-at="2023-11-30T16:57:15 PKT" duration-ms="10191" status="PASS">
          <reporter-output>
          </reporter-output>
        </test-method> <!-- corporateCuisineTypeSelection -->
        <test-method signature="corporateFoodTypeSelection()[pri:6, instance:org.youCater.userSanityTestCases.AddCorporateEventTestCases@23382f76]" started-at="2023-11-30T16:57:15 PKT" name="corporateFoodTypeSelection" description="CorporateEvent: Verify food type selection functionality" finished-at="2023-11-30T16:57:28 PKT" duration-ms="12803" status="PASS">
          <reporter-output>
          </reporter-output>
        </test-method> <!-- corporateFoodTypeSelection -->
        <test-method signature="corporateEventVenueSelection()[pri:7, instance:org.youCater.userSanityTestCases.AddCorporateEventTestCases@23382f76]" started-at="2023-11-30T16:57:28 PKT" name="corporateEventVenueSelection" description="CorporateEvent: Verify event venue selection functionality" finished-at="2023-11-30T16:57:58 PKT" duration-ms="30200" status="PASS">
          <reporter-output>
          </reporter-output>
        </test-method> <!-- corporateEventVenueSelection -->
        <test-method signature="privateAddEventName()[pri:8, instance:org.youCater.userSanityTestCases.AddCorporateEventTestCases@23382f76]" started-at="2023-11-30T16:57:58 PKT" name="privateAddEventName" description="CorporateEvent: Verify addition of event name functionality" finished-at="2023-11-30T16:58:09 PKT" duration-ms="11359" status="PASS">
          <reporter-output>
          </reporter-output>
        </test-method> <!-- privateAddEventName -->
        <test-method signature="corporateBudgetSelection()[pri:9, instance:org.youCater.userSanityTestCases.AddCorporateEventTestCases@23382f76]" started-at="2023-11-30T16:58:09 PKT" name="corporateBudgetSelection" description="CorporateEvent: Verify budget selection functionality" finished-at="2023-11-30T16:58:25 PKT" duration-ms="16269" status="PASS">
          <reporter-output>
          </reporter-output>
        </test-method> <!-- corporateBudgetSelection -->
        <test-method signature="corporateEventSummary()[pri:10, instance:org.youCater.userSanityTestCases.AddCorporateEventTestCases@23382f76]" started-at="2023-11-30T16:58:25 PKT" name="corporateEventSummary" description="CorporateEvent: Verify generation of event summary" finished-at="2023-11-30T16:58:41 PKT" duration-ms="15963" status="PASS">
          <reporter-output>
          </reporter-output>
        </test-method> <!-- corporateEventSummary -->
        <test-method signature="corporateGoToHomePage()[pri:11, instance:org.youCater.userSanityTestCases.AddCorporateEventTestCases@23382f76]" started-at="2023-11-30T16:58:41 PKT" name="corporateGoToHomePage" description="CorporateEvent: Verify navigation to the home page" finished-at="2023-11-30T16:58:47 PKT" duration-ms="5149" status="PASS">
          <reporter-output>
          </reporter-output>
        </test-method> <!-- corporateGoToHomePage -->
      </class> <!-- org.youCater.userSanityTestCases.AddCorporateEventTestCases -->
      <class name="org.youCater.userSanityTestCases.CancelEventTestCases">
        <test-method signature="selectEventsOnHomePage()[pri:0, instance:org.youCater.userSanityTestCases.CancelEventTestCases@7d5508e0]" started-at="2023-11-30T16:58:47 PKT" name="selectEventsOnHomePage" description="HomePage: Verify selection of pending events" finished-at="2023-11-30T16:59:08 PKT" duration-ms="21365" status="PASS">
          <reporter-output>
          </reporter-output>
        </test-method> <!-- selectEventsOnHomePage -->
        <test-method signature="cancelEvent()[pri:1, instance:org.youCater.userSanityTestCases.CancelEventTestCases@7d5508e0]" started-at="2023-11-30T16:59:08 PKT" name="cancelEvent" description="CancelEvent: Verify cancellation of pending events" finished-at="2023-11-30T16:59:31 PKT" duration-ms="22677" status="PASS">
          <reporter-output>
          </reporter-output>
        </test-method> <!-- cancelEvent -->
      </class> <!-- org.youCater.userSanityTestCases.CancelEventTestCases -->
      <class name="org.youCater.userSanityTestCases.AddPrivateEventTestCases">
        <test-method signature="privateEventTypeSelection()[pri:0, instance:org.youCater.userSanityTestCases.AddPrivateEventTestCases@548d5ed3]" started-at="2023-11-30T16:53:03 PKT" name="privateEventTypeSelection" description="PrivateEvent: Verify selection of event type funtionality" finished-at="2023-11-30T16:53:07 PKT" duration-ms="4392" status="PASS">
          <reporter-output>
          </reporter-output>
        </test-method> <!-- privateEventTypeSelection -->
        <test-method signature="prviateOccasionTypeSelection()[pri:1, instance:org.youCater.userSanityTestCases.AddPrivateEventTestCases@548d5ed3]" started-at="2023-11-30T16:53:07 PKT" name="prviateOccasionTypeSelection" description="PrivateEvent: Verify selection of occasion type functionality" finished-at="2023-11-30T16:53:18 PKT" duration-ms="11173" status="PASS">
          <reporter-output>
          </reporter-output>
        </test-method> <!-- prviateOccasionTypeSelection -->
        <test-method signature="privateDateAndTimeSelection()[pri:2, instance:org.youCater.userSanityTestCases.AddPrivateEventTestCases@548d5ed3]" started-at="2023-11-30T16:53:18 PKT" name="privateDateAndTimeSelection" description="PrivateEvent: Verify date and time selection functionality" finished-at="2023-11-30T16:53:27 PKT" duration-ms="9026" status="PASS">
          <reporter-output>
          </reporter-output>
        </test-method> <!-- privateDateAndTimeSelection -->
        <test-method signature="privateGuestSelection()[pri:3, instance:org.youCater.userSanityTestCases.AddPrivateEventTestCases@548d5ed3]" started-at="2023-11-30T16:53:27 PKT" name="privateGuestSelection" description="PrivateEvent: Verify guest number entry functionality" finished-at="2023-11-30T16:53:35 PKT" duration-ms="7903" status="PASS">
          <reporter-output>
          </reporter-output>
        </test-method> <!-- privateGuestSelection -->
        <test-method signature="privateProviderSelection()[pri:4, instance:org.youCater.userSanityTestCases.AddPrivateEventTestCases@548d5ed3]" started-at="2023-11-30T16:53:35 PKT" name="privateProviderSelection" description="PrivateEvent: Verify provider selection functionality" finished-at="2023-11-30T16:53:40 PKT" duration-ms="4346" status="PASS">
          <reporter-output>
          </reporter-output>
        </test-method> <!-- privateProviderSelection -->
        <test-method signature="privateCuisineTypeSelection()[pri:5, instance:org.youCater.userSanityTestCases.AddPrivateEventTestCases@548d5ed3]" started-at="2023-11-30T16:53:40 PKT" name="privateCuisineTypeSelection" description="PrivateEvent: Verify cuisine type selection functionality" finished-at="2023-11-30T16:53:54 PKT" duration-ms="14359" status="PASS">
          <reporter-output>
          </reporter-output>
        </test-method> <!-- privateCuisineTypeSelection -->
        <test-method signature="privateFoodTypeSelection()[pri:6, instance:org.youCater.userSanityTestCases.AddPrivateEventTestCases@548d5ed3]" started-at="2023-11-30T16:53:54 PKT" name="privateFoodTypeSelection" description="PrivateEvent: Verify food type selection functionality" finished-at="2023-11-30T16:54:07 PKT" duration-ms="13122" status="PASS">
          <reporter-output>
          </reporter-output>
        </test-method> <!-- privateFoodTypeSelection -->
        <test-method signature="privateEventVenueSelection()[pri:7, instance:org.youCater.userSanityTestCases.AddPrivateEventTestCases@548d5ed3]" started-at="2023-11-30T16:54:07 PKT" name="privateEventVenueSelection" description="PrivateEvent: Verify event venue selection functionality" finished-at="2023-11-30T16:54:33 PKT" duration-ms="25642" status="PASS">
          <reporter-output>
          </reporter-output>
        </test-method> <!-- privateEventVenueSelection -->
        <test-method signature="privateAddEventName()[pri:8, instance:org.youCater.userSanityTestCases.AddPrivateEventTestCases@548d5ed3]" started-at="2023-11-30T16:54:33 PKT" name="privateAddEventName" description="PrivateEvent: Verify addition of event name functionality" finished-at="2023-11-30T16:54:44 PKT" duration-ms="11698" status="PASS">
          <reporter-output>
          </reporter-output>
        </test-method> <!-- privateAddEventName -->
        <test-method signature="privateBudgetSelection()[pri:9, instance:org.youCater.userSanityTestCases.AddPrivateEventTestCases@548d5ed3]" started-at="2023-11-30T16:54:44 PKT" name="privateBudgetSelection" description="PrivateEvent: Verify budget selection functionality" finished-at="2023-11-30T16:55:07 PKT" duration-ms="22130" status="PASS">
          <reporter-output>
          </reporter-output>
        </test-method> <!-- privateBudgetSelection -->
        <test-method signature="privateSignIn()[pri:10, instance:org.youCater.userSanityTestCases.AddPrivateEventTestCases@548d5ed3]" started-at="2023-11-30T16:55:07 PKT" name="privateSignIn" description="PrivateEvent: Verify signIn functionality" finished-at="2023-11-30T16:55:16 PKT" duration-ms="9814" status="PASS">
          <reporter-output>
          </reporter-output>
        </test-method> <!-- privateSignIn -->
        <test-method signature="privateVerifyOTP()[pri:11, instance:org.youCater.userSanityTestCases.AddPrivateEventTestCases@548d5ed3]" started-at="2023-11-30T16:55:16 PKT" name="privateVerifyOTP" description="PrivateEvent: Verify OTP validation functionality" finished-at="2023-11-30T16:55:22 PKT" duration-ms="5454" status="PASS">
          <reporter-output>
          </reporter-output>
        </test-method> <!-- privateVerifyOTP -->
        <test-method signature="privateSignUp()[pri:12, instance:org.youCater.userSanityTestCases.AddPrivateEventTestCases@548d5ed3]" started-at="2023-11-30T16:55:22 PKT" name="privateSignUp" description="PrivateEvent: Verify signUp functionality" finished-at="2023-11-30T16:55:37 PKT" duration-ms="15031" status="PASS">
          <reporter-output>
          </reporter-output>
        </test-method> <!-- privateSignUp -->
        <test-method signature="privateEventSummary()[pri:13, instance:org.youCater.userSanityTestCases.AddPrivateEventTestCases@548d5ed3]" started-at="2023-11-30T16:55:37 PKT" name="privateEventSummary" description="PrivateEvent: Verify generation of event summary" finished-at="2023-11-30T16:55:53 PKT" duration-ms="15656" status="PASS">
          <reporter-output>
          </reporter-output>
        </test-method> <!-- privateEventSummary -->
        <test-method signature="privateGoToHomePage()[pri:14, instance:org.youCater.userSanityTestCases.AddPrivateEventTestCases@548d5ed3]" started-at="2023-11-30T16:55:53 PKT" name="privateGoToHomePage" description="PrivateEvent: Verify navigation to the home page" finished-at="2023-11-30T16:55:58 PKT" duration-ms="5137" status="PASS">
          <reporter-output>
          </reporter-output>
        </test-method> <!-- privateGoToHomePage -->
      </class> <!-- org.youCater.userSanityTestCases.AddPrivateEventTestCases -->
    </test> <!-- UserCanCreateCancelEventAndSendQuoteRequest -->
    <test started-at="2023-11-30T17:00:30 PKT" name="VendorCanLoginAndAcceptAndDeclineRequest" finished-at="2023-11-30T17:07:40 PKT" duration-ms="430320">
      <class name="org.youCater.ventorSanitytestCases.VendorLoginTestCases">
        <test-method signature="login()[pri:0, instance:org.youCater.ventorSanitytestCases.VendorLoginTestCases@3ae9d1e2]" started-at="2023-11-30T17:00:30 PKT" name="login" finished-at="2023-11-30T17:00:46 PKT" duration-ms="16468" status="PASS">
          <reporter-output>
          </reporter-output>
        </test-method> <!-- login -->
      </class> <!-- org.youCater.ventorSanitytestCases.VendorLoginTestCases -->
      <class name="org.youCater.userSanityTestCases.SendBidRequestTestCases">
        <test-method signature="findCaterers()[pri:0, instance:org.youCater.userSanityTestCases.SendBidRequestTestCases@2e060819]" started-at="2023-11-30T17:05:59 PKT" name="findCaterers" description="SendBidRequest: Verify caterer search functionality" finished-at="2023-11-30T17:06:14 PKT" duration-ms="14294" status="PASS">
          <reporter-output>
          </reporter-output>
        </test-method> <!-- findCaterers -->
        <test-method signature="selecCaterer()[pri:1, instance:org.youCater.userSanityTestCases.SendBidRequestTestCases@2e060819]" started-at="2023-11-30T17:06:14 PKT" name="selecCaterer" description="SendBidRequest: Verify caterer selection functionality" finished-at="2023-11-30T17:06:20 PKT" duration-ms="6295" status="PASS">
          <reporter-output>
          </reporter-output>
        </test-method> <!-- selecCaterer -->
        <test-method signature="partnerDetail()[pri:2, instance:org.youCater.userSanityTestCases.SendBidRequestTestCases@2e060819]" started-at="2023-11-30T17:06:20 PKT" name="partnerDetail" description="SendBidRequest: Verify partner details (About, Menu, Media)" finished-at="2023-11-30T17:06:37 PKT" duration-ms="17444" status="PASS">
          <reporter-output>
          </reporter-output>
        </test-method> <!-- partnerDetail -->
        <test-method signature="sendRequest()[pri:3, instance:org.youCater.userSanityTestCases.SendBidRequestTestCases@2e060819]" started-at="2023-11-30T17:06:37 PKT" name="sendRequest" description="SendBidRequest: Verify successful request submission" finished-at="2023-11-30T17:06:54 PKT" duration-ms="16665" status="PASS">
          <reporter-output>
          </reporter-output>
        </test-method> <!-- sendRequest -->
      </class> <!-- org.youCater.userSanityTestCases.SendBidRequestTestCases -->
      <class name="org.youCater.userSanityTestCases.AddCorporateEventTestCases">
        <test-method signature="corporateEventTypeSelection()[pri:0, instance:org.youCater.userSanityTestCases.AddCorporateEventTestCases@23eff5d1]" started-at="2023-11-30T17:03:45 PKT" name="corporateEventTypeSelection" description="CorporateEvent: Verify selection of event type funtionality" finished-at="2023-11-30T17:03:49 PKT" duration-ms="3340" status="PASS">
          <reporter-output>
          </reporter-output>
        </test-method> <!-- corporateEventTypeSelection -->
        <test-method signature="corporateOccasionTypeSelection()[pri:1, instance:org.youCater.userSanityTestCases.AddCorporateEventTestCases@23eff5d1]" started-at="2023-11-30T17:03:49 PKT" name="corporateOccasionTypeSelection" description="CorporateEvent: Verify selection of occasion type functionality" finished-at="2023-11-30T17:04:02 PKT" duration-ms="13173" status="PASS">
          <reporter-output>
          </reporter-output>
        </test-method> <!-- corporateOccasionTypeSelection -->
        <test-method signature="corporateDateAndTimeSelection()[pri:2, instance:org.youCater.userSanityTestCases.AddCorporateEventTestCases@23eff5d1]" started-at="2023-11-30T17:04:02 PKT" name="corporateDateAndTimeSelection" description="CorporateEvent: Verify date and time selection functionality" finished-at="2023-11-30T17:04:09 PKT" duration-ms="6815" status="PASS">
          <reporter-output>
          </reporter-output>
        </test-method> <!-- corporateDateAndTimeSelection -->
        <test-method signature="corporateGuestSelection()[pri:3, instance:org.youCater.userSanityTestCases.AddCorporateEventTestCases@23eff5d1]" started-at="2023-11-30T17:04:09 PKT" name="corporateGuestSelection" description="CorporateEvent: Verify guest number entry functionality" finished-at="2023-11-30T17:04:13 PKT" duration-ms="4760" status="PASS">
          <reporter-output>
          </reporter-output>
        </test-method> <!-- corporateGuestSelection -->
        <test-method signature="corporateProviderSelection()[pri:4, instance:org.youCater.userSanityTestCases.AddCorporateEventTestCases@23eff5d1]" started-at="2023-11-30T17:04:13 PKT" name="corporateProviderSelection" description="CorporateEvent: Verify provider selection functionality" finished-at="2023-11-30T17:04:19 PKT" duration-ms="6149" status="PASS">
          <reporter-output>
          </reporter-output>
        </test-method> <!-- corporateProviderSelection -->
        <test-method signature="corporateCuisineTypeSelection()[pri:5, instance:org.youCater.userSanityTestCases.AddCorporateEventTestCases@23eff5d1]" started-at="2023-11-30T17:04:19 PKT" name="corporateCuisineTypeSelection" description="CorporateEvent: Verify cuisine type selection functionality" finished-at="2023-11-30T17:04:30 PKT" duration-ms="10225" status="PASS">
          <reporter-output>
          </reporter-output>
        </test-method> <!-- corporateCuisineTypeSelection -->
        <test-method signature="corporateFoodTypeSelection()[pri:6, instance:org.youCater.userSanityTestCases.AddCorporateEventTestCases@23eff5d1]" started-at="2023-11-30T17:04:30 PKT" name="corporateFoodTypeSelection" description="CorporateEvent: Verify food type selection functionality" finished-at="2023-11-30T17:04:43 PKT" duration-ms="13027" status="PASS">
          <reporter-output>
          </reporter-output>
        </test-method> <!-- corporateFoodTypeSelection -->
        <test-method signature="corporateEventVenueSelection()[pri:7, instance:org.youCater.userSanityTestCases.AddCorporateEventTestCases@23eff5d1]" started-at="2023-11-30T17:04:43 PKT" name="corporateEventVenueSelection" description="CorporateEvent: Verify event venue selection functionality" finished-at="2023-11-30T17:05:13 PKT" duration-ms="30392" status="PASS">
          <reporter-output>
          </reporter-output>
        </test-method> <!-- corporateEventVenueSelection -->
        <test-method signature="privateAddEventName()[pri:8, instance:org.youCater.userSanityTestCases.AddCorporateEventTestCases@23eff5d1]" started-at="2023-11-30T17:05:13 PKT" name="privateAddEventName" description="CorporateEvent: Verify addition of event name functionality" finished-at="2023-11-30T17:05:24 PKT" duration-ms="11363" status="PASS">
          <reporter-output>
          </reporter-output>
        </test-method> <!-- privateAddEventName -->
        <test-method signature="corporateBudgetSelection()[pri:9, instance:org.youCater.userSanityTestCases.AddCorporateEventTestCases@23eff5d1]" started-at="2023-11-30T17:05:24 PKT" name="corporateBudgetSelection" description="CorporateEvent: Verify budget selection functionality" finished-at="2023-11-30T17:05:41 PKT" duration-ms="16363" status="PASS">
          <reporter-output>
          </reporter-output>
        </test-method> <!-- corporateBudgetSelection -->
        <test-method signature="corporateEventSummary()[pri:10, instance:org.youCater.userSanityTestCases.AddCorporateEventTestCases@23eff5d1]" started-at="2023-11-30T17:05:41 PKT" name="corporateEventSummary" description="CorporateEvent: Verify generation of event summary" finished-at="2023-11-30T17:05:54 PKT" duration-ms="13418" status="PASS">
          <reporter-output>
          </reporter-output>
        </test-method> <!-- corporateEventSummary -->
        <test-method signature="corporateGoToHomePage()[pri:11, instance:org.youCater.userSanityTestCases.AddCorporateEventTestCases@23eff5d1]" started-at="2023-11-30T17:05:54 PKT" name="corporateGoToHomePage" description="CorporateEvent: Verify navigation to the home page" finished-at="2023-11-30T17:05:59 PKT" duration-ms="5112" status="PASS">
          <reporter-output>
          </reporter-output>
        </test-method> <!-- corporateGoToHomePage -->
      </class> <!-- org.youCater.userSanityTestCases.AddCorporateEventTestCases -->
      <class name="org.youCater.ventorSanitytestCases.RequestAcceptanceAndQuoteSubmissionTestCases">
        <test-method signature="goToActiveEvents()[pri:0, instance:org.youCater.ventorSanitytestCases.RequestAcceptanceAndQuoteSubmissionTestCases@670d4d38]" started-at="2023-11-30T17:00:46 PKT" name="goToActiveEvents" finished-at="2023-11-30T17:00:49 PKT" duration-ms="2136" status="PASS">
          <reporter-output>
          </reporter-output>
        </test-method> <!-- goToActiveEvents -->
        <test-method signature="goToDirectEvents()[pri:1, instance:org.youCater.ventorSanitytestCases.RequestAcceptanceAndQuoteSubmissionTestCases@670d4d38]" started-at="2023-11-30T17:00:49 PKT" name="goToDirectEvents" finished-at="2023-11-30T17:00:51 PKT" duration-ms="2264" status="PASS">
          <reporter-output>
          </reporter-output>
        </test-method> <!-- goToDirectEvents -->
        <test-method signature="selectADirectEvent()[pri:2, instance:org.youCater.ventorSanitytestCases.RequestAcceptanceAndQuoteSubmissionTestCases@670d4d38]" started-at="2023-11-30T17:00:51 PKT" name="selectADirectEvent" finished-at="2023-11-30T17:00:51 PKT" duration-ms="300" status="PASS">
          <reporter-output>
          </reporter-output>
        </test-method> <!-- selectADirectEvent -->
        <test-method signature="checkDetails()[pri:3, instance:org.youCater.ventorSanitytestCases.RequestAcceptanceAndQuoteSubmissionTestCases@670d4d38]" started-at="2023-11-30T17:00:51 PKT" name="checkDetails" finished-at="2023-11-30T17:00:59 PKT" duration-ms="8153" status="PASS">
          <reporter-output>
          </reporter-output>
        </test-method> <!-- checkDetails -->
        <test-method signature="acceptRequest()[pri:4, instance:org.youCater.ventorSanitytestCases.RequestAcceptanceAndQuoteSubmissionTestCases@670d4d38]" started-at="2023-11-30T17:00:59 PKT" name="acceptRequest" finished-at="2023-11-30T17:01:05 PKT" duration-ms="6190" status="PASS">
          <reporter-output>
          </reporter-output>
        </test-method> <!-- acceptRequest -->
        <test-method signature="goToChatMenu()[pri:5, instance:org.youCater.ventorSanitytestCases.RequestAcceptanceAndQuoteSubmissionTestCases@670d4d38]" started-at="2023-11-30T17:01:05 PKT" name="goToChatMenu" finished-at="2023-11-30T17:01:20 PKT" duration-ms="14672" status="PASS">
          <reporter-output>
          </reporter-output>
        </test-method> <!-- goToChatMenu -->
        <test-method signature="goToMyQuoteMenu()[pri:6, instance:org.youCater.ventorSanitytestCases.RequestAcceptanceAndQuoteSubmissionTestCases@670d4d38]" started-at="2023-11-30T17:01:20 PKT" name="goToMyQuoteMenu" finished-at="2023-11-30T17:01:23 PKT" duration-ms="3254" status="PASS">
          <reporter-output>
          </reporter-output>
        </test-method> <!-- goToMyQuoteMenu -->
        <test-method signature="submitQuote()[pri:7, instance:org.youCater.ventorSanitytestCases.RequestAcceptanceAndQuoteSubmissionTestCases@670d4d38]" started-at="2023-11-30T17:01:23 PKT" name="submitQuote" finished-at="2023-11-30T17:01:36 PKT" duration-ms="12982" status="PASS">
          <reporter-output>
          </reporter-output>
        </test-method> <!-- submitQuote -->
      </class> <!-- org.youCater.ventorSanitytestCases.RequestAcceptanceAndQuoteSubmissionTestCases -->
      <class name="org.youCater.userSanityTestCases.AcceptQuoteTestCases">
        <test-method signature="selectEventsOnHomePage()[pri:0, instance:org.youCater.userSanityTestCases.AcceptQuoteTestCases@43b40233]" started-at="2023-11-30T17:01:36 PKT" name="selectEventsOnHomePage" description="HomePage: Verify selection of Inprogress events" finished-at="2023-11-30T17:01:47 PKT" duration-ms="11076" status="PASS">
          <reporter-output>
          </reporter-output>
        </test-method> <!-- selectEventsOnHomePage -->
        <test-method signature="viewPartnerProfile()[pri:1, instance:org.youCater.userSanityTestCases.AcceptQuoteTestCases@43b40233]" started-at="2023-11-30T17:01:47 PKT" name="viewPartnerProfile" description="EventDetail: Verify partner profile details" finished-at="2023-11-30T17:02:15 PKT" duration-ms="27647" status="PASS">
          <reporter-output>
          </reporter-output>
        </test-method> <!-- viewPartnerProfile -->
        <test-method signature="selectActiveQuote()[pri:2, instance:org.youCater.userSanityTestCases.AcceptQuoteTestCases@43b40233]" started-at="2023-11-30T17:02:15 PKT" name="selectActiveQuote" description="EventDetail: Verify selection of active quotes" finished-at="2023-11-30T17:02:18 PKT" duration-ms="3093" status="PASS">
          <reporter-output>
          </reporter-output>
        </test-method> <!-- selectActiveQuote -->
        <test-method signature="AcceptQuote()[pri:3, instance:org.youCater.userSanityTestCases.AcceptQuoteTestCases@43b40233]" started-at="2023-11-30T17:02:18 PKT" name="AcceptQuote" description="AcceptQuote: Verify accept active quotes funtionality" finished-at="2023-11-30T17:02:48 PKT" duration-ms="29569" status="PASS">
          <reporter-output>
          </reporter-output>
        </test-method> <!-- AcceptQuote -->
        <test-method signature="makePayment()[pri:4, instance:org.youCater.userSanityTestCases.AcceptQuoteTestCases@43b40233]" started-at="2023-11-30T17:02:48 PKT" name="makePayment" description="StripePaymentScreen: Verify payment funtionality" finished-at="2023-11-30T17:03:45 PKT" duration-ms="57379" status="PASS">
          <reporter-output>
          </reporter-output>
        </test-method> <!-- makePayment -->
      </class> <!-- org.youCater.userSanityTestCases.AcceptQuoteTestCases -->
      <class name="org.youCater.ventorSanitytestCases.DeclineRequestTestCases">
        <test-method signature="declineRequest()[pri:0, instance:org.youCater.ventorSanitytestCases.DeclineRequestTestCases@42c28305]" started-at="2023-11-30T17:06:54 PKT" name="declineRequest" finished-at="2023-11-30T17:07:40 PKT" duration-ms="46222" status="PASS">
          <reporter-output>
          </reporter-output>
        </test-method> <!-- declineRequest -->
      </class> <!-- org.youCater.ventorSanitytestCases.DeclineRequestTestCases -->
    </test> <!-- VendorCanLoginAndAcceptAndDeclineRequest -->
    <test started-at="2023-11-30T17:07:43 PKT" name="VendorCanShowInterestAndReopenEventAndUserCanDeclineQuote" finished-at="2023-11-30T17:11:51 PKT" duration-ms="248134">
      <class name="org.youCater.userSanityTestCases.DeclineQuoteTestCases">
        <test-method signature="selectEvent()[pri:0, instance:org.youCater.userSanityTestCases.DeclineQuoteTestCases@61af1510]" started-at="2023-11-30T17:11:10 PKT" name="selectEvent" description="Verify selection of an event" finished-at="2023-11-30T17:11:23 PKT" duration-ms="12969" status="PASS">
          <reporter-output>
          </reporter-output>
        </test-method> <!-- selectEvent -->
        <test-method signature="declineQuote()[pri:1, instance:org.youCater.userSanityTestCases.DeclineQuoteTestCases@61af1510]" started-at="2023-11-30T17:11:23 PKT" name="declineQuote" description="Verify that user can decline the quote request sent by partner" finished-at="2023-11-30T17:11:51 PKT" duration-ms="28280" status="PASS">
          <reporter-output>
          </reporter-output>
        </test-method> <!-- declineQuote -->
      </class> <!-- org.youCater.userSanityTestCases.DeclineQuoteTestCases -->
      <class name="org.youCater.userSanityTestCases.AddCorporateEventTestCases">
        <test-method signature="corporateEventTypeSelection()[pri:0, instance:org.youCater.userSanityTestCases.AddCorporateEventTestCases@2eadc9f6]" started-at="2023-11-30T17:07:54 PKT" name="corporateEventTypeSelection" description="CorporateEvent: Verify selection of event type funtionality" finished-at="2023-11-30T17:07:57 PKT" duration-ms="3201" status="PASS">
          <reporter-output>
          </reporter-output>
        </test-method> <!-- corporateEventTypeSelection -->
        <test-method signature="corporateOccasionTypeSelection()[pri:1, instance:org.youCater.userSanityTestCases.AddCorporateEventTestCases@2eadc9f6]" started-at="2023-11-30T17:07:57 PKT" name="corporateOccasionTypeSelection" description="CorporateEvent: Verify selection of occasion type functionality" finished-at="2023-11-30T17:08:10 PKT" duration-ms="13255" status="PASS">
          <reporter-output>
          </reporter-output>
        </test-method> <!-- corporateOccasionTypeSelection -->
        <test-method signature="corporateDateAndTimeSelection()[pri:2, instance:org.youCater.userSanityTestCases.AddCorporateEventTestCases@2eadc9f6]" started-at="2023-11-30T17:08:10 PKT" name="corporateDateAndTimeSelection" description="CorporateEvent: Verify date and time selection functionality" finished-at="2023-11-30T17:08:17 PKT" duration-ms="6578" status="PASS">
          <reporter-output>
          </reporter-output>
        </test-method> <!-- corporateDateAndTimeSelection -->
        <test-method signature="corporateGuestSelection()[pri:3, instance:org.youCater.userSanityTestCases.AddCorporateEventTestCases@2eadc9f6]" started-at="2023-11-30T17:08:17 PKT" name="corporateGuestSelection" description="CorporateEvent: Verify guest number entry functionality" finished-at="2023-11-30T17:08:22 PKT" duration-ms="4878" status="PASS">
          <reporter-output>
          </reporter-output>
        </test-method> <!-- corporateGuestSelection -->
        <test-method signature="corporateProviderSelection()[pri:4, instance:org.youCater.userSanityTestCases.AddCorporateEventTestCases@2eadc9f6]" started-at="2023-11-30T17:08:22 PKT" name="corporateProviderSelection" description="CorporateEvent: Verify provider selection functionality" finished-at="2023-11-30T17:08:28 PKT" duration-ms="6182" status="PASS">
          <reporter-output>
          </reporter-output>
        </test-method> <!-- corporateProviderSelection -->
        <test-method signature="corporateCuisineTypeSelection()[pri:5, instance:org.youCater.userSanityTestCases.AddCorporateEventTestCases@2eadc9f6]" started-at="2023-11-30T17:08:28 PKT" name="corporateCuisineTypeSelection" description="CorporateEvent: Verify cuisine type selection functionality" finished-at="2023-11-30T17:08:38 PKT" duration-ms="10228" status="PASS">
          <reporter-output>
          </reporter-output>
        </test-method> <!-- corporateCuisineTypeSelection -->
        <test-method signature="corporateFoodTypeSelection()[pri:6, instance:org.youCater.userSanityTestCases.AddCorporateEventTestCases@2eadc9f6]" started-at="2023-11-30T17:08:38 PKT" name="corporateFoodTypeSelection" description="CorporateEvent: Verify food type selection functionality" finished-at="2023-11-30T17:08:51 PKT" duration-ms="12829" status="PASS">
          <reporter-output>
          </reporter-output>
        </test-method> <!-- corporateFoodTypeSelection -->
        <test-method signature="corporateEventVenueSelection()[pri:7, instance:org.youCater.userSanityTestCases.AddCorporateEventTestCases@2eadc9f6]" started-at="2023-11-30T17:08:51 PKT" name="corporateEventVenueSelection" description="CorporateEvent: Verify event venue selection functionality" finished-at="2023-11-30T17:09:21 PKT" duration-ms="29882" status="PASS">
          <reporter-output>
          </reporter-output>
        </test-method> <!-- corporateEventVenueSelection -->
        <test-method signature="privateAddEventName()[pri:8, instance:org.youCater.userSanityTestCases.AddCorporateEventTestCases@2eadc9f6]" started-at="2023-11-30T17:09:21 PKT" name="privateAddEventName" description="CorporateEvent: Verify addition of event name functionality" finished-at="2023-11-30T17:09:32 PKT" duration-ms="11415" status="PASS">
          <reporter-output>
          </reporter-output>
        </test-method> <!-- privateAddEventName -->
        <test-method signature="corporateBudgetSelection()[pri:9, instance:org.youCater.userSanityTestCases.AddCorporateEventTestCases@2eadc9f6]" started-at="2023-11-30T17:09:32 PKT" name="corporateBudgetSelection" description="CorporateEvent: Verify budget selection functionality" finished-at="2023-11-30T17:09:49 PKT" duration-ms="16221" status="PASS">
          <reporter-output>
          </reporter-output>
        </test-method> <!-- corporateBudgetSelection -->
        <test-method signature="corporateEventSummary()[pri:10, instance:org.youCater.userSanityTestCases.AddCorporateEventTestCases@2eadc9f6]" started-at="2023-11-30T17:09:49 PKT" name="corporateEventSummary" description="CorporateEvent: Verify generation of event summary" finished-at="2023-11-30T17:10:02 PKT" duration-ms="13189" status="PASS">
          <reporter-output>
          </reporter-output>
        </test-method> <!-- corporateEventSummary -->
        <test-method signature="corporateGoToHomePage()[pri:11, instance:org.youCater.userSanityTestCases.AddCorporateEventTestCases@2eadc9f6]" started-at="2023-11-30T17:10:02 PKT" name="corporateGoToHomePage" description="CorporateEvent: Verify navigation to the home page" finished-at="2023-11-30T17:10:07 PKT" duration-ms="5147" status="PASS">
          <reporter-output>
          </reporter-output>
        </test-method> <!-- corporateGoToHomePage -->
        <test-method is-config="true" signature="tearDown()[pri:0, instance:org.youCater.userSanityTestCases.AddCorporateEventTestCases@2eadc9f6]" started-at="2023-11-30T17:11:54 PKT" name="tearDown" finished-at="2023-11-30T17:11:55 PKT" duration-ms="768" status="PASS">
          <reporter-output>
          </reporter-output>
        </test-method> <!-- tearDown -->
      </class> <!-- org.youCater.userSanityTestCases.AddCorporateEventTestCases -->
      <class name="org.youCater.ventorSanitytestCases.ShowInterestInAnEvent">
        <test-method signature="showInterest()[pri:0, instance:org.youCater.ventorSanitytestCases.ShowInterestInAnEvent@2903c6ff]" started-at="2023-11-30T17:10:07 PKT" name="showInterest" description="SubmitInterest: Verify that vendor can submit interest on an event" finished-at="2023-11-30T17:11:10 PKT" duration-ms="63288" status="PASS">
          <reporter-output>
          </reporter-output>
        </test-method> <!-- showInterest -->
      </class> <!-- org.youCater.ventorSanitytestCases.ShowInterestInAnEvent -->
      <class name="org.youCater.ventorSanitytestCases.ReOpenDeclinedRequest">
        <test-method signature="reOpenRequest()[pri:0, instance:org.youCater.ventorSanitytestCases.ReOpenDeclinedRequest@5d5160e6]" started-at="2023-11-30T17:07:43 PKT" name="reOpenRequest" description="Reopen: Verify that event is Re-opened and moved to InProgess" finished-at="2023-11-30T17:07:54 PKT" duration-ms="10563" status="PASS">
          <reporter-output>
          </reporter-output>
        </test-method> <!-- reOpenRequest -->
        <test-method is-config="true" signature="tearDown()[pri:0, instance:org.youCater.ventorSanitytestCases.ReOpenDeclinedRequest@5d5160e6]" started-at="2023-11-30T17:11:55 PKT" name="tearDown" finished-at="2023-11-30T17:11:56 PKT" duration-ms="462" status="PASS">
          <reporter-output>
          </reporter-output>
        </test-method> <!-- tearDown -->
      </class> <!-- org.youCater.ventorSanitytestCases.ReOpenDeclinedRequest -->
    </test> <!-- VendorCanShowInterestAndReopenEventAndUserCanDeclineQuote -->
  </suite> <!-- SanitySuite -->
</testng-results>
