<?xml version="1.0" encoding="UTF-8"?>
<!-- Generated by org.testng.reporters.JUnitXMLReporter -->
<testsuite ignored="2" hostname="DESKTOP-QI6H2EA" failures="0" tests="16" name="VendorCanShowInterestAndReopenEventAndUserCanDeclineQuote" time="248.134" errors="0" timestamp="2023-11-30T17:11:54 PKT">
  <testcase classname="org.youCater.ventorSanitytestCases.ReOpenDeclinedRequest" name="reOpenRequest" time="10.563"/>
  <testcase classname="org.youCater.userSanityTestCases.AddCorporateEventTestCases" name="corporateEventTypeSelection" time="3.201"/>
  <testcase classname="org.youCater.userSanityTestCases.AddCorporateEventTestCases" name="corporateOccasionTypeSelection" time="13.255"/>
  <testcase classname="org.youCater.userSanityTestCases.AddCorporateEventTestCases" name="corporateDateAndTimeSelection" time="6.578"/>
  <testcase classname="org.youCater.userSanityTestCases.AddCorporateEventTestCases" name="corporateGuestSelection" time="4.878"/>
  <testcase classname="org.youCater.userSanityTestCases.AddCorporateEventTestCases" name="corporateProviderSelection" time="6.182"/>
  <testcase classname="org.youCater.userSanityTestCases.AddCorporateEventTestCases" name="corporateCuisineTypeSelection" time="10.228"/>
  <testcase classname="org.youCater.userSanityTestCases.AddCorporateEventTestCases" name="corporateFoodTypeSelection" time="12.829"/>
  <testcase classname="org.youCater.userSanityTestCases.AddCorporateEventTestCases" name="corporateEventVenueSelection" time="29.882"/>
  <testcase classname="org.youCater.userSanityTestCases.AddCorporateEventTestCases" name="privateAddEventName" time="11.415"/>
  <testcase classname="org.youCater.userSanityTestCases.AddCorporateEventTestCases" name="corporateBudgetSelection" time="16.221"/>
  <testcase classname="org.youCater.userSanityTestCases.AddCorporateEventTestCases" name="corporateEventSummary" time="13.189"/>
  <testcase classname="org.youCater.userSanityTestCases.AddCorporateEventTestCases" name="corporateGoToHomePage" time="5.147"/>
  <testcase classname="org.youCater.ventorSanitytestCases.ShowInterestInAnEvent" name="showInterest" time="63.288"/>
  <testcase classname="org.youCater.userSanityTestCases.DeclineQuoteTestCases" name="selectEvent" time="12.969"/>
  <testcase classname="org.youCater.userSanityTestCases.DeclineQuoteTestCases" name="declineQuote" time="28.28"/>
  <testcase classname="org.youCater.userConfigurationsAndElements.Configurations" name="@AfterSuite tearDown" time="0.0">
    <ignored/>
  </testcase> <!-- @AfterSuite tearDown -->
  <testcase classname="org.youCater.vendorConfigurationsAndElements.VendorConfigurations" name="@AfterSuite tearDown" time="0.0">
    <ignored/>
  </testcase> <!-- @AfterSuite tearDown -->
</testsuite> <!-- VendorCanShowInterestAndReopenEventAndUserCanDeclineQuote -->
