<?xml version="1.0" encoding="UTF-8"?>
<!-- Generated by org.testng.reporters.JUnitReportReporter -->
<testsuite hostname="DESKTOP-QI6H2EA" failures="0" tests="2" name="org.youCater.userSanityTestCases.CancelEventTestCases" time="27.455" errors="0" timestamp="2024-01-16T11:40:35 PKT" skipped="0">
  <testcase classname="org.youCater.userSanityTestCases.CancelEventTestCases" name="selectEventsOnHomePage" time="12.354"/>
  <system-out/>
  <testcase classname="org.youCater.userSanityTestCases.CancelEventTestCases" name="cancelEvent" time="15.101"/>
  <system-out/>
</testsuite> <!-- org.youCater.userSanityTestCases.CancelEventTestCases -->
