<?xml version="1.0" encoding="UTF-8"?>
<testng-results ignored="5" total="19" passed="14" failed="0" skipped="0">
  <reporter-output>
  </reporter-output>
  <suite started-at="2024-06-24T16:06:35 PKT" name="RegressionSuite" finished-at="2024-06-24T16:09:44 PKT" duration-ms="189013">
    <groups>
    </groups>
    <test started-at="2024-06-24T16:06:35 PKT" name="UserRegressionTestCases" finished-at="2024-06-24T16:09:44 PKT" duration-ms="189013">
      <class name="org.youCater.userRegressionTestCases.SignUpTestCases">
        <test-method signature="DoSignUp()[pri:0, instance:org.youCater.userRegressionTestCases.SignUpTestCases@451f87af]" started-at="2024-06-24T16:06:35 PKT" name="DoSignUp" description="Sign Up" finished-at="2024-06-24T16:06:56 PKT" duration-ms="20995" status="PASS">
          <reporter-output>
          </reporter-output>
        </test-method> <!-- DoSignUp -->
        <test-method signature="goToProfile()[pri:1, instance:org.youCater.userRegressionTestCases.SignUpTestCases@451f87af]" started-at="2024-06-24T16:06:56 PKT" name="goToProfile" description="Profile: Verify navigation to the user profile" finished-at="2024-06-24T16:07:03 PKT" duration-ms="6874" status="PASS">
          <reporter-output>
          </reporter-output>
        </test-method> <!-- goToProfile -->
        <test-method is-config="true" signature="tearDown()[pri:0, instance:org.youCater.userRegressionTestCases.SignUpTestCases@451f87af]" started-at="2024-06-24T16:09:47 PKT" name="tearDown" finished-at="2024-06-24T16:09:48 PKT" duration-ms="449" status="PASS">
          <reporter-output>
          </reporter-output>
        </test-method> <!-- tearDown -->
      </class> <!-- org.youCater.userRegressionTestCases.SignUpTestCases -->
      <class name="org.youCater.userRegressionTestCases.FiltersTestCases">
        <test-method signature="loginFromHomePage()[pri:0, instance:org.youCater.userRegressionTestCases.FiltersTestCases@333cb916]" started-at="2024-06-24T16:07:31 PKT" name="loginFromHomePage" description="HomePage: Verify user logged in successfully from the homepage" finished-at="2024-06-24T16:07:41 PKT" duration-ms="10170" status="PASS">
          <reporter-output>
          </reporter-output>
        </test-method> <!-- loginFromHomePage -->
        <test-method signature="searchCaterer()[pri:1, instance:org.youCater.userRegressionTestCases.FiltersTestCases@333cb916]" started-at="2024-06-24T16:07:41 PKT" name="searchCaterer" description="Search Caterer: Verify caterer search is working in user directory" finished-at="2024-06-24T16:07:50 PKT" duration-ms="9120" status="PASS">
          <reporter-output>
          </reporter-output>
        </test-method> <!-- searchCaterer -->
        <test-method signature="selectCaterer()[pri:2, instance:org.youCater.userRegressionTestCases.FiltersTestCases@333cb916]" started-at="2024-06-24T16:07:50 PKT" name="selectCaterer" description="Select Caterer: Verify that caterer selection is working after search" finished-at="2024-06-24T16:08:01 PKT" duration-ms="10695" status="PASS">
          <reporter-output>
          </reporter-output>
        </test-method> <!-- selectCaterer -->
        <test-method signature="applyFilter()[pri:3, instance:org.youCater.userRegressionTestCases.FiltersTestCases@333cb916]" started-at="2024-06-24T16:08:01 PKT" name="applyFilter" description="User Filters: Verify that filters applied successfully" finished-at="2024-06-24T16:08:25 PKT" duration-ms="24257" status="PASS">
          <reporter-output>
          </reporter-output>
        </test-method> <!-- applyFilter -->
        <test-method signature="clearFilter()[pri:4, instance:org.youCater.userRegressionTestCases.FiltersTestCases@333cb916]" started-at="2024-06-24T16:08:25 PKT" name="clearFilter" description="User Filters: Clear filters" finished-at="2024-06-24T16:08:27 PKT" duration-ms="2121" status="PASS">
          <reporter-output>
          </reporter-output>
        </test-method> <!-- clearFilter -->
      </class> <!-- org.youCater.userRegressionTestCases.FiltersTestCases -->
      <class name="org.youCater.userRegressionTestCases.DeleteUserTestCases">
        <test-method signature="deleteUserAccount()[pri:0, instance:org.youCater.userRegressionTestCases.DeleteUserTestCases@58294867]" started-at="2024-06-24T16:07:03 PKT" name="deleteUserAccount" description="Profile: Verify user account deleted successFully" finished-at="2024-06-24T16:07:13 PKT" duration-ms="10608" status="PASS">
          <reporter-output>
          </reporter-output>
        </test-method> <!-- deleteUserAccount -->
      </class> <!-- org.youCater.userRegressionTestCases.DeleteUserTestCases -->
      <class name="org.youCater.userRegressionTestCases.PartnerRegistrationTestCases">
        <test-method signature="partnerRegistration()[pri:1, instance:org.youCater.userRegressionTestCases.PartnerRegistrationTestCases@5da7cee2]" started-at="2024-06-24T16:09:21 PKT" name="partnerRegistration" description="HomePage: Verify that partner registered successfully" finished-at="2024-06-24T16:09:44 PKT" duration-ms="22533" status="PASS">
          <reporter-output>
          </reporter-output>
        </test-method> <!-- partnerRegistration -->
      </class> <!-- org.youCater.userRegressionTestCases.PartnerRegistrationTestCases -->
      <class name="org.youCater.userRegressionTestCases.ProfileTestCases">
        <test-method signature="goToProfile()[pri:0, instance:org.youCater.userRegressionTestCases.ProfileTestCases@9255c05]" started-at="2024-06-24T16:08:27 PKT" name="goToProfile" description="Profile: Verify navigation to the user profile" finished-at="2024-06-24T16:08:39 PKT" duration-ms="12085" status="PASS">
          <reporter-output>
          </reporter-output>
        </test-method> <!-- goToProfile -->
        <test-method signature="openPrivacyPolicy()[pri:1, instance:org.youCater.userRegressionTestCases.ProfileTestCases@9255c05]" started-at="2024-06-24T16:08:39 PKT" name="openPrivacyPolicy" finished-at="2024-06-24T16:08:56 PKT" duration-ms="16819" status="PASS">
          <reporter-output>
          </reporter-output>
        </test-method> <!-- openPrivacyPolicy -->
        <test-method signature="openTermsAndCondition()[pri:2, instance:org.youCater.userRegressionTestCases.ProfileTestCases@9255c05]" started-at="2024-06-24T16:08:56 PKT" name="openTermsAndCondition" finished-at="2024-06-24T16:09:13 PKT" duration-ms="16754" status="PASS">
          <reporter-output>
          </reporter-output>
        </test-method> <!-- openTermsAndCondition -->
        <test-method signature="logout()[pri:3, instance:org.youCater.userRegressionTestCases.ProfileTestCases@9255c05]" started-at="2024-06-24T16:09:13 PKT" name="logout" description="Profile: Verify logout funtionality" finished-at="2024-06-24T16:09:21 PKT" duration-ms="8358" status="PASS">
          <reporter-output>
          </reporter-output>
        </test-method> <!-- logout -->
      </class> <!-- org.youCater.userRegressionTestCases.ProfileTestCases -->
      <class name="org.youCater.userRegressionTestCases.ForgotPasswordTestCases">
        <test-method signature="ForgotPassword()[pri:0, instance:org.youCater.userRegressionTestCases.ForgotPasswordTestCases@377008df]" started-at="2024-06-24T16:07:13 PKT" name="ForgotPassword" description="Verify forgot password functionality" finished-at="2024-06-24T16:07:31 PKT" duration-ms="17526" status="PASS">
          <reporter-output>
          </reporter-output>
        </test-method> <!-- ForgotPassword -->
      </class> <!-- org.youCater.userRegressionTestCases.ForgotPasswordTestCases -->
    </test> <!-- UserRegressionTestCases -->
  </suite> <!-- RegressionSuite -->
</testng-results>
