<?xml version="1.0" encoding="UTF-8"?>
<!-- Generated by org.testng.reporters.JUnitXMLReporter -->
<testsuite ignored="0" hostname="DESKTOP-QI6H2EA" failures="0" tests="14" name="AddCorporateEventTestCases" time="141.583" errors="0" timestamp="2023-10-31T16:22:52 PKT">
  <testcase classname="org.youCater.testCases.AddCorporateEventTestCases" name="eventTypeSelection" time="6.754"/>
  <testcase classname="org.youCater.testCases.AddCorporateEventTestCases" name="occasionTypeSelection" time="16.338"/>
  <testcase classname="org.youCater.testCases.AddCorporateEventTestCases" name="dateAndTimeSelection" time="3.349"/>
  <testcase classname="org.youCater.testCases.AddCorporateEventTestCases" name="guestSelection" time="2.558"/>
  <testcase classname="org.youCater.testCases.AddCorporateEventTestCases" name="budgetSelection" time="4.588"/>
  <testcase classname="org.youCater.testCases.AddCorporateEventTestCases" name="providerSelection" time="3.506"/>
  <testcase classname="org.youCater.testCases.AddCorporateEventTestCases" name="foodTypeSelection" time="13.063"/>
  <testcase classname="org.youCater.testCases.AddCorporateEventTestCases" name="serviceStyleSelection" time="16.047"/>
  <testcase classname="org.youCater.testCases.AddCorporateEventTestCases" name="dietaryRequirementsSelection" time="5.313"/>
  <testcase classname="org.youCater.testCases.AddCorporateEventTestCases" name="additionalServicesSelection" time="8.292"/>
  <testcase classname="org.youCater.testCases.AddCorporateEventTestCases" name="eventVenueSelection" time="31.803"/>
  <testcase classname="org.youCater.testCases.AddCorporateEventTestCases" name="signIn" time="9.814"/>
  <testcase classname="org.youCater.testCases.AddCorporateEventTestCases" name="verifyOTP" time="2.317"/>
  <testcase classname="org.youCater.testCases.AddCorporateEventTestCases" name="eventSummary" time="13.815"/>
</testsuite> <!-- AddCorporateEventTestCases -->
