<?xml version="1.0" encoding="UTF-8"?>
<!-- Generated by org.testng.reporters.JUnitXMLReporter -->
<testsuite ignored="6" hostname="DESKTOP-QI6H2EA" failures="0" tests="21" name="VendorCanShowInterestAndReopenEventAndUserCanDeclineQuote" time="250.84" errors="0" timestamp="2024-08-13T11:57:36 PKT">
  <testcase classname="org.youCater.ventorSanitytestCases.ReOpenDeclinedRequest" name="reOpenRequest" time="8.488"/>
  <testcase classname="org.youCater.ventorSanitytestCases.QuoteSubmissionAfterReOpenTestCases" name="quoteSubmissionAfterReopen" time="27.274"/>
  <testcase classname="org.youCater.userSanityTestCases.CancelEventAfterQuoteSubmissionByVendorTestCases" name="cancelEventAfterQuoteSubmissionByVendor" time="21.694"/>
  <testcase classname="org.youCater.userSanityTestCases.AddCorporateEventTestCases" name="corporateEventTypeSelection" time="2.279"/>
  <testcase classname="org.youCater.userSanityTestCases.AddCorporateEventTestCases" name="corporateOccasionTypeSelection" time="6.211"/>
  <testcase classname="org.youCater.userSanityTestCases.AddCorporateEventTestCases" name="corporateDateAndTimeSelection" time="6.435"/>
  <testcase classname="org.youCater.userSanityTestCases.AddCorporateEventTestCases" name="corporateGuestSelection" time="4.639"/>
  <testcase classname="org.youCater.userSanityTestCases.AddCorporateEventTestCases" name="corporateProviderSelection" time="4.142"/>
  <testcase classname="org.youCater.userSanityTestCases.AddCorporateEventTestCases" name="corporateCuisineTypeSelection" time="7.156"/>
  <testcase classname="org.youCater.userSanityTestCases.AddCorporateEventTestCases" name="corporateFoodTypeSelection" time="8.562"/>
  <testcase classname="org.youCater.userSanityTestCases.AddCorporateEventTestCases" name="corporateEventVenueSelection" time="21.942"/>
  <testcase classname="org.youCater.userSanityTestCases.AddCorporateEventTestCases" name="privateAddEventName" time="6.288"/>
  <testcase classname="org.youCater.userSanityTestCases.AddCorporateEventTestCases" name="corporateBudgetSelection" time="14.136"/>
  <testcase classname="org.youCater.userSanityTestCases.AddCorporateEventTestCases" name="corporateEventSummary" time="9.322"/>
  <testcase classname="org.youCater.userSanityTestCases.AddCorporateEventTestCases" name="corporateGoToHomePage" time="2.175"/>
  <testcase classname="org.youCater.ventorSanitytestCases.ShowInterestInAnEvent" name="showInterest" time="19.189"/>
  <testcase classname="org.youCater.ventorSanitytestCases.ShowInterestInAnEvent" name="SubmitQuote" time="24.854"/>
  <testcase classname="org.youCater.userSanityTestCases.DeclineQuoteTestCases" name="selectEvent" time="2.199"/>
  <testcase classname="org.youCater.userSanityTestCases.DeclineQuoteTestCases" name="declineQuote" time="27.685"/>
  <testcase classname="org.youCater.userSanityTestCases.CancelEventAfterDeclingTheQuoteTestCases" name="cancelEventAfterDeclingQuote" time="14.699"/>
  <testcase classname="org.youCater.ventorSanitytestCases.DeclineEventFromChatTestCases" name="declineEvent" time="11.393"/>
  <testcase classname="org.youCater.vendorConfigurationsAndElements.VendorConfigurations" name="@AfterSuite tearDown" time="0.0">
    <ignored/>
  </testcase> <!-- @AfterSuite tearDown -->
  <testcase classname="org.youCater.vendorConfigurationsAndElements.VendorConfigurations" name="@AfterSuite tearDown" time="0.0">
    <ignored/>
  </testcase> <!-- @AfterSuite tearDown -->
  <testcase classname="org.youCater.vendorConfigurationsAndElements.VendorConfigurations" name="@AfterSuite tearDown" time="0.0">
    <ignored/>
  </testcase> <!-- @AfterSuite tearDown -->
  <testcase classname="org.youCater.userConfigurationsAndElements.Configurations" name="@AfterSuite tearDown" time="0.0">
    <ignored/>
  </testcase> <!-- @AfterSuite tearDown -->
  <testcase classname="org.youCater.userConfigurationsAndElements.Configurations" name="@AfterSuite tearDown" time="0.0">
    <ignored/>
  </testcase> <!-- @AfterSuite tearDown -->
  <testcase classname="org.youCater.userConfigurationsAndElements.Configurations" name="@AfterSuite tearDown" time="0.0">
    <ignored/>
  </testcase> <!-- @AfterSuite tearDown -->
</testsuite> <!-- VendorCanShowInterestAndReopenEventAndUserCanDeclineQuote -->
